TN:
SF:src\test-setup.ts
FNF:0
FNH:0
DA:3,1
LF:1
LH:1
BRF:0
BRH:0
end_of_record
TN:
SF:src\app\app.component.ts
FN:15,(anonymous_0)
FN:21,(anonymous_1)
FN:24,(anonymous_2)
FN:29,(anonymous_3)
FN:30,(anonymous_4)
FNF:5
FNH:1
FNDA:1,(anonymous_0)
FNDA:0,(anonymous_1)
FNDA:0,(anonymous_2)
FNDA:0,(anonymous_3)
FNDA:0,(anonymous_4)
DA:14,1
DA:16,1
DA:17,1
DA:23,0
DA:28,0
DA:29,0
DA:31,0
DA:32,0
LF:8
LH:3
BRDA:31,0,0,0
BRF:1
BRH:0
end_of_record
TN:
SF:src\app\core\components\footer\footer.component.ts
FNF:0
FNH:0
DA:10,1
LF:1
LH:1
BRF:0
BRH:0
end_of_record
TN:
SF:src\app\core\components\header\header.component.ts
FN:34,(anonymous_0)
FN:41,(anonymous_1)
FN:44,(anonymous_2)
FNF:3
FNH:3
FNDA:11,(anonymous_0)
FNDA:6,(anonymous_1)
FNDA:2,(anonymous_2)
DA:31,1
DA:35,11
DA:37,11
DA:38,11
DA:45,2
LF:5
LH:5
BRF:0
BRH:0
end_of_record
TN:
SF:src\app\core\components\loading-spinner\loading-spinner.component.ts
FN:12,(anonymous_0)
FN:15,(anonymous_1)
FN:19,(anonymous_2)
FNF:3
FNH:3
FNDA:7,(anonymous_0)
FNDA:4,(anonymous_1)
FNDA:3,(anonymous_2)
DA:12,1
DA:13,7
DA:16,4
DA:20,3
LF:4
LH:4
BRF:0
BRH:0
end_of_record
TN:
SF:src\app\core\components\navbar\navbar.component.ts
FN:38,(anonymous_0)
FN:50,(anonymous_1)
FN:53,(anonymous_2)
FN:58,(anonymous_3)
FN:63,(anonymous_4)
FN:75,(anonymous_5)
FNF:6
FNH:4
FNDA:11,(anonymous_0)
FNDA:10,(anonymous_1)
FNDA:0,(anonymous_2)
FNDA:11,(anonymous_3)
FNDA:0,(anonymous_4)
FNDA:2,(anonymous_5)
DA:30,1
DA:34,11
DA:36,11
DA:39,11
DA:40,11
DA:41,11
DA:42,11
DA:44,11
DA:45,11
DA:46,11
DA:47,11
DA:51,10
DA:54,0
DA:59,11
DA:60,11
DA:64,0
DA:70,0
DA:71,0
DA:72,0
DA:76,2
LF:20
LH:15
BRF:0
BRH:0
end_of_record
TN:
SF:src\app\core\components\notification-panel\notification-panel.component.ts
FN:29,(anonymous_0)
FN:36,(anonymous_1)
FN:40,(anonymous_2)
FN:45,(anonymous_3)
FN:50,(anonymous_4)
FN:55,(anonymous_5)
FN:60,(anonymous_6)
FN:64,(anonymous_7)
FNF:8
FNH:0
FNDA:0,(anonymous_0)
FNDA:0,(anonymous_1)
FNDA:0,(anonymous_2)
FNDA:0,(anonymous_3)
FNDA:0,(anonymous_4)
FNDA:0,(anonymous_5)
FNDA:0,(anonymous_6)
FNDA:0,(anonymous_7)
DA:25,1
DA:26,0
DA:27,0
DA:30,0
DA:31,0
DA:33,0
DA:37,0
DA:38,0
DA:41,0
DA:46,0
DA:47,0
DA:51,0
DA:52,0
DA:56,0
DA:57,0
DA:61,0
DA:65,0
DA:68,0
LF:18
LH:1
BRDA:68,0,0,0
BRDA:68,0,1,0
BRF:2
BRH:0
end_of_record
TN:
SF:src\app\core\components\stock-alert-banner\stock-alert-banner.component.ts
FN:18,(anonymous_0)
FN:20,(anonymous_1)
FN:23,(anonymous_2)
FN:28,(anonymous_3)
FN:33,(anonymous_4)
FN:34,(anonymous_5)
FN:38,(anonymous_6)
FNF:7
FNH:7
FNDA:22,(anonymous_0)
FNDA:22,(anonymous_1)
FNDA:6,(anonymous_2)
FNDA:23,(anonymous_3)
FNDA:2,(anonymous_4)
FNDA:3,(anonymous_5)
FNDA:3,(anonymous_6)
DA:14,1
DA:15,22
DA:16,22
DA:18,22
DA:21,22
DA:24,6
DA:29,23
DA:30,23
DA:34,3
DA:35,2
DA:39,3
LF:11
LH:11
BRF:0
BRH:0
end_of_record
TN:
SF:src\app\core\components\ui\base-control-value-accessor.ts
FN:5,(anonymous_0)
FN:9,(anonymous_1)
FN:10,(anonymous_2)
FN:12,(anonymous_3)
FN:16,(anonymous_4)
FN:20,(anonymous_5)
FN:24,(anonymous_6)
FN:28,(anonymous_7)
FNF:8
FNH:6
FNDA:124,(anonymous_0)
FNDA:0,(anonymous_1)
FNDA:0,(anonymous_2)
FNDA:171,(anonymous_3)
FNDA:244,(anonymous_4)
FNDA:243,(anonymous_5)
FNDA:122,(anonymous_6)
FNDA:1,(anonymous_7)
DA:5,1
DA:6,124
DA:7,124
DA:9,124
DA:10,124
DA:13,171
DA:17,244
DA:21,243
DA:25,122
DA:29,1
LF:10
LH:10
BRDA:13,0,0,171
BRDA:13,0,1,112
BRF:2
BRH:2
end_of_record
TN:
SF:src\app\core\components\ui\action-button\action-button.component.ts
FN:15,(anonymous_0)
FN:27,(anonymous_1)
FN:33,(anonymous_2)
FN:39,(anonymous_3)
FNF:4
FNH:4
FNDA:72,(anonymous_0)
FNDA:3,(anonymous_1)
FNDA:147,(anonymous_2)
FNDA:149,(anonymous_3)
DA:15,1
DA:16,72
DA:17,72
DA:19,72
DA:20,72
DA:21,72
DA:22,72
DA:25,72
DA:28,3
DA:29,1
DA:34,147
DA:35,146
DA:36,1
DA:40,149
DA:41,148
DA:42,146
LF:16
LH:16
BRDA:28,0,0,1
BRDA:28,1,0,3
BRDA:28,1,1,2
BRDA:34,2,0,1
BRDA:35,3,0,145
BRDA:40,4,0,1
BRDA:41,5,0,2
BRDA:41,6,0,148
BRDA:41,6,1,147
BRF:9
BRH:9
end_of_record
TN:
SF:src\app\core\components\ui\empty-state\empty-state.component.ts
FN:12,(anonymous_0)
FN:20,(anonymous_1)
FNF:2
FNH:2
FNDA:28,(anonymous_0)
FNDA:1,(anonymous_1)
DA:12,1
DA:13,28
DA:14,28
DA:18,28
DA:21,1
LF:5
LH:5
BRF:0
BRH:0
end_of_record
TN:
SF:src\app\core\components\ui\filter-chip\filter-chip.component.ts
FN:12,(anonymous_0)
FN:20,(anonymous_1)
FNF:2
FNH:2
FNDA:1,(anonymous_0)
FNDA:2,(anonymous_1)
DA:12,1
DA:15,1
DA:16,1
DA:18,1
DA:21,2
DA:22,1
DA:23,1
LF:7
LH:7
BRDA:21,0,0,1
BRF:1
BRH:1
end_of_record
TN:
SF:src\app\core\components\ui\input-field\input-field.component.ts
FN:21,(anonymous_0)
FN:31,(anonymous_1)
FN:16,(anonymous_2)
FNF:3
FNH:3
FNDA:75,(anonymous_0)
FNDA:1,(anonymous_1)
FNDA:74,(anonymous_2)
DA:16,74
DA:21,1
DA:23,75
DA:24,75
DA:28,75
DA:29,75
DA:32,1
DA:33,1
DA:34,1
LF:9
LH:9
BRF:0
BRH:0
end_of_record
TN:
SF:src\app\core\components\ui\password-input\password-input.component.ts
FN:21,(anonymous_0)
FN:31,(anonymous_1)
FN:35,(anonymous_2)
FN:16,(anonymous_3)
FNF:4
FNH:4
FNDA:49,(anonymous_0)
FNDA:2,(anonymous_1)
FNDA:1,(anonymous_2)
FNDA:47,(anonymous_3)
DA:16,47
DA:21,1
DA:22,49
DA:23,49
DA:26,49
DA:27,49
DA:29,49
DA:32,2
DA:36,1
DA:37,1
DA:38,1
LF:11
LH:11
BRF:0
BRH:0
end_of_record
TN:
SF:src\app\core\components\ui\quantity-stepper\quantity-stepper.component.ts
FN:11,(anonymous_0)
FN:19,(anonymous_1)
FN:26,(anonymous_2)
FNF:3
FNH:3
FNDA:2,(anonymous_0)
FNDA:2,(anonymous_1)
FNDA:2,(anonymous_2)
DA:11,1
DA:12,2
DA:13,2
DA:14,2
DA:15,2
DA:17,2
DA:20,2
DA:21,1
DA:22,1
DA:27,2
DA:28,1
DA:29,1
LF:12
LH:12
BRDA:20,0,0,1
BRDA:20,1,0,2
BRDA:20,1,1,2
BRDA:27,2,0,1
BRDA:27,3,0,2
BRDA:27,3,1,2
BRF:6
BRH:6
end_of_record
TN:
SF:src\app\core\components\ui\role-badge\role-badge.component.ts
FN:14,(anonymous_0)
FN:18,(anonymous_1)
FN:26,(anonymous_2)
FN:34,(anonymous_3)
FNF:4
FNH:4
FNDA:43,(anonymous_0)
FNDA:90,(anonymous_1)
FNDA:90,(anonymous_2)
FNDA:90,(anonymous_3)
DA:14,1
DA:15,43
DA:16,43
DA:19,90
DA:20,90
DA:21,89
DA:22,54
DA:23,27
DA:27,90
DA:28,90
DA:29,89
DA:30,54
DA:31,27
DA:35,90
DA:36,90
DA:37,89
DA:38,54
DA:39,27
LF:18
LH:18
BRDA:20,0,0,1
BRDA:21,1,0,35
BRDA:22,2,0,27
BRDA:28,3,0,1
BRDA:29,4,0,35
BRDA:30,5,0,27
BRDA:36,6,0,1
BRDA:37,7,0,35
BRDA:38,8,0,27
BRF:9
BRH:9
end_of_record
TN:
SF:src\app\core\components\ui\stat-card\stat-card.component.ts
FN:14,(anonymous_0)
FN:23,(anonymous_1)
FNF:2
FNH:2
FNDA:70,(anonymous_0)
FNDA:143,(anonymous_1)
DA:14,1
DA:20,70
DA:24,143
LF:3
LH:3
BRDA:24,0,0,143
BRDA:24,0,1,142
BRDA:24,0,2,5
BRF:3
BRH:3
end_of_record
TN:
SF:src\app\core\components\ui\status-badge\status-badge.component.ts
FN:14,(anonymous_0)
FN:18,(anonymous_1)
FN:44,(anonymous_2)
FNF:3
FNH:3
FNDA:34,(anonymous_0)
FNDA:74,(anonymous_1)
FNDA:74,(anonymous_2)
DA:14,1
DA:15,34
DA:16,34
DA:19,74
DA:20,1
DA:22,73
DA:25,69
DA:28,1
DA:31,1
DA:35,1
DA:38,1
DA:40,0
DA:45,74
DA:46,1
DA:48,73
DA:51,69
DA:54,1
DA:57,1
DA:60,1
DA:62,0
DA:65,1
DA:67,0
LF:22
LH:19
BRDA:19,0,0,1
BRDA:19,1,0,74
BRDA:19,1,1,73
BRDA:22,2,0,69
BRDA:22,2,1,69
BRDA:22,2,2,1
BRDA:22,2,3,1
BRDA:22,2,4,1
BRDA:22,2,5,1
BRDA:22,2,6,1
BRDA:22,2,7,1
BRDA:22,2,8,1
BRDA:22,2,9,1
BRDA:22,2,10,1
BRDA:22,2,11,0
BRDA:45,3,0,1
BRDA:45,4,0,74
BRDA:45,4,1,73
BRDA:48,5,0,69
BRDA:48,5,1,69
BRDA:48,5,2,1
BRDA:48,5,3,1
BRDA:48,5,4,1
BRDA:48,5,5,1
BRDA:48,5,6,1
BRDA:48,5,7,1
BRDA:48,5,8,0
BRDA:48,5,9,1
BRDA:48,5,10,1
BRDA:48,5,11,0
BRF:30
BRH:27
end_of_record
TN:
SF:src\app\core\components\ui\stock-severity-badge\stock-severity-badge.component.ts
FN:13,(anonymous_0)
FN:16,(anonymous_1)
FN:23,(anonymous_2)
FNF:3
FNH:3
FNDA:1,(anonymous_0)
FNDA:5,(anonymous_1)
FNDA:5,(anonymous_2)
DA:13,1
DA:14,1
DA:17,5
DA:18,5
DA:19,4
DA:20,3
DA:24,5
DA:25,5
DA:26,4
DA:27,3
LF:10
LH:10
BRDA:18,0,0,1
BRDA:19,1,0,1
BRDA:25,2,0,1
BRDA:26,3,0,1
BRF:4
BRH:4
end_of_record
TN:
SF:src\app\core\components\ui\user-avatar\user-avatar.component.ts
FN:13,(anonymous_0)
FN:19,(anonymous_1)
FN:28,(anonymous_2)
FNF:3
FNH:3
FNDA:14,(anonymous_0)
FNDA:31,(anonymous_1)
FNDA:26,(anonymous_2)
DA:13,1
DA:17,14
DA:20,31
DA:21,26
DA:22,26
DA:23,1
DA:25,25
DA:29,26
DA:30,25
DA:31,25
DA:32,25
DA:33,25
DA:34,24
LF:13
LH:13
BRDA:20,0,0,5
BRDA:22,1,0,1
BRDA:29,2,0,1
BRDA:31,3,0,0
BRDA:32,4,0,0
BRDA:33,5,0,1
BRF:6
BRH:4
end_of_record
TN:
SF:src\app\core\guards\admin.guard.ts
FN:12,(anonymous_0)
FN:18,(anonymous_1)
FN:21,(anonymous_2)
FNF:3
FNH:3
FNDA:6,(anonymous_0)
FNDA:6,(anonymous_1)
FNDA:6,(anonymous_2)
DA:11,1
DA:13,6
DA:14,6
DA:19,6
DA:22,6
DA:23,2
DA:25,4
LF:7
LH:7
BRDA:22,0,0,2
BRF:1
BRH:1
end_of_record
TN:
SF:src\app\core\guards\auth.guard.ts
FN:12,(anonymous_0)
FN:18,(anonymous_1)
FN:21,(anonymous_2)
FNF:3
FNH:3
FNDA:5,(anonymous_0)
FNDA:5,(anonymous_1)
FNDA:5,(anonymous_2)
DA:11,1
DA:13,5
DA:14,5
DA:19,5
DA:22,5
DA:23,3
DA:25,2
LF:7
LH:7
BRDA:22,0,0,3
BRF:1
BRH:1
end_of_record
TN:
SF:src\app\core\guards\role.guard.ts
FN:11,(anonymous_0)
FN:17,(anonymous_1)
FN:26,(anonymous_2)
FN:27,(anonymous_3)
FNF:4
FNH:4
FNDA:5,(anonymous_0)
FNDA:5,(anonymous_1)
FNDA:4,(anonymous_2)
FNDA:4,(anonymous_3)
DA:10,1
DA:12,5
DA:13,5
DA:18,5
DA:19,5
DA:20,1
DA:21,1
DA:22,1
DA:24,4
DA:27,4
DA:28,4
DA:29,2
DA:31,2
DA:32,2
LF:14
LH:14
BRDA:18,0,0,5
BRDA:18,0,1,1
BRDA:19,1,0,1
BRDA:28,2,0,2
BRF:4
BRH:4
end_of_record
TN:
SF:src\app\core\guards\setup.guard.ts
FN:8,(anonymous_0)
FN:12,(anonymous_1)
FN:14,(anonymous_2)
FN:20,(anonymous_3)
FNF:4
FNH:4
FNDA:3,(anonymous_0)
FNDA:3,(anonymous_1)
FNDA:2,(anonymous_2)
FNDA:1,(anonymous_3)
DA:8,1
DA:9,3
DA:10,3
DA:13,3
DA:15,2
DA:16,1
DA:18,1
DA:21,1
LF:8
LH:8
BRDA:15,0,0,1
BRF:1
BRH:1
end_of_record
TN:
SF:src\app\core\interceptors\auth.interceptor.ts
FN:16,(anonymous_0)
FN:23,(anonymous_1)
FN:26,(anonymous_2)
FN:34,(anonymous_3)
FN:41,addAuthHeader
FN:45,handleRefresh
FN:56,(anonymous_6)
FN:62,(anonymous_7)
FN:64,(anonymous_8)
FN:75,(anonymous_9)
FN:81,(anonymous_10)
FN:85,(anonymous_11)
FNF:12
FNH:10
FNDA:10,(anonymous_0)
FNDA:10,(anonymous_1)
FNDA:6,(anonymous_2)
FNDA:3,(anonymous_3)
FNDA:10,addAuthHeader
FNDA:3,handleRefresh
FNDA:1,(anonymous_6)
FNDA:0,(anonymous_7)
FNDA:0,(anonymous_8)
FNDA:1,(anonymous_9)
FNDA:1,(anonymous_10)
FNDA:1,(anonymous_11)
DA:13,1
DA:14,1
DA:16,1
DA:17,10
DA:18,10
DA:19,10
DA:21,10
DA:24,10
DA:25,10
DA:27,6
DA:32,3
DA:34,3
DA:42,10
DA:52,3
DA:54,3
DA:55,1
DA:56,1
DA:59,2
DA:61,0
DA:62,0
DA:64,0
DA:68,2
DA:69,2
DA:71,2
DA:76,1
DA:77,1
DA:78,1
DA:79,1
DA:82,1
DA:83,1
DA:84,1
DA:85,1
LF:32
LH:29
BRDA:24,0,0,9
BRDA:24,0,1,1
BRDA:27,1,0,3
BRDA:28,2,0,6
BRDA:28,2,1,6
BRDA:28,2,2,5
BRDA:54,3,0,1
BRDA:59,4,0,0
BRF:8
BRH:7
end_of_record
TN:
SF:src\app\core\interceptors\error.interceptor.ts
FN:17,(anonymous_0)
FN:22,(anonymous_1)
FN:23,(anonymous_2)
FN:24,(anonymous_3)
FN:34,(anonymous_4)
FN:35,(anonymous_5)
FN:42,(anonymous_6)
FN:45,(anonymous_7)
FN:45,(anonymous_8)
FN:50,getErrorKey
FNF:10
FNH:9
FNDA:9,(anonymous_0)
FNDA:8,(anonymous_1)
FNDA:0,(anonymous_2)
FNDA:1,(anonymous_3)
FNDA:7,(anonymous_4)
FNDA:7,(anonymous_5)
FNDA:7,(anonymous_6)
FNDA:7,(anonymous_7)
FNDA:7,(anonymous_8)
FNDA:7,getErrorKey
DA:7,1
DA:15,1
DA:17,1
DA:18,9
DA:19,9
DA:21,9
DA:23,8
DA:24,8
DA:26,7
DA:27,7
DA:28,7
DA:30,7
DA:32,7
DA:34,7
DA:35,7
DA:42,7
DA:45,7
DA:51,7
DA:52,6
DA:53,4
DA:54,1
LF:21
LH:21
BRDA:23,0,0,0
BRDA:24,1,0,1
BRDA:28,2,0,1
BRDA:28,2,1,6
BRDA:28,3,0,6
BRDA:28,3,1,0
BRDA:30,4,0,7
BRDA:51,5,0,1
BRDA:52,6,0,2
BRDA:53,7,0,3
BRF:10
BRH:8
end_of_record
TN:
SF:src\app\core\services\app-settings.service.ts
FN:8,(anonymous_0)
FN:12,(anonymous_1)
FN:13,(anonymous_2)
FN:16,(anonymous_3)
FN:17,(anonymous_4)
FN:21,(anonymous_5)
FN:30,(anonymous_6)
FN:33,(anonymous_7)
FNF:8
FNH:8
FNDA:6,(anonymous_0)
FNDA:2,(anonymous_1)
FNDA:2,(anonymous_2)
FNDA:2,(anonymous_3)
FNDA:1,(anonymous_4)
FNDA:5,(anonymous_5)
FNDA:5,(anonymous_6)
FNDA:12,(anonymous_7)
DA:8,1
DA:9,6
DA:10,6
DA:13,2
DA:17,2
DA:22,5
DA:23,5
DA:24,5
DA:27,5
DA:31,5
DA:32,5
DA:33,12
DA:34,4
LF:13
LH:13
BRDA:32,0,0,1
BRF:1
BRH:1
end_of_record
TN:
SF:src\app\core\services\auth.service.ts
FN:18,(anonymous_0)
FN:23,(anonymous_1)
FN:25,(anonymous_2)
FN:33,(anonymous_3)
FN:38,(anonymous_4)
FN:45,(anonymous_5)
FN:62,(anonymous_6)
FN:67,(anonymous_7)
FN:71,(anonymous_8)
FN:75,(anonymous_9)
FN:80,(anonymous_10)
FN:87,(anonymous_11)
FNF:12
FNH:12
FNDA:15,(anonymous_0)
FNDA:9,(anonymous_1)
FNDA:1,(anonymous_2)
FNDA:7,(anonymous_3)
FNDA:1,(anonymous_4)
FNDA:2,(anonymous_5)
FNDA:1,(anonymous_6)
FNDA:2,(anonymous_7)
FNDA:2,(anonymous_8)
FNDA:1,(anonymous_9)
FNDA:2,(anonymous_10)
FNDA:7,(anonymous_11)
DA:11,1
DA:12,15
DA:13,15
DA:14,15
DA:15,15
DA:16,15
DA:19,15
DA:24,9
DA:25,1
DA:28,8
DA:29,8
DA:31,8
DA:35,7
DA:36,7
DA:39,1
DA:46,2
DA:47,1
DA:48,1
DA:51,1
DA:54,1
DA:55,1
DA:56,1
DA:59,1
DA:62,1
DA:63,1
DA:68,2
DA:72,2
DA:76,1
DA:77,1
DA:81,2
DA:83,2
DA:84,2
DA:88,7
DA:89,7
DA:90,6
DA:92,7
LF:36
LH:36
BRDA:24,0,0,1
BRDA:46,1,0,1
BRDA:68,2,0,0
BRDA:68,2,1,2
BRDA:81,3,0,0
BRDA:84,4,0,1
BRDA:84,4,1,1
BRDA:89,5,0,6
BRF:8
BRH:6
end_of_record
TN:
SF:src\app\core\services\cocktail.service.ts
FN:8,(anonymous_0)
FN:12,(anonymous_1)
FN:16,(anonymous_2)
FN:20,(anonymous_3)
FN:24,(anonymous_4)
FN:28,(anonymous_5)
FN:32,(anonymous_6)
FN:36,(anonymous_7)
FN:40,(anonymous_8)
FN:44,(anonymous_9)
FNF:10
FNH:6
FNDA:5,(anonymous_0)
FNDA:1,(anonymous_1)
FNDA:1,(anonymous_2)
FNDA:1,(anonymous_3)
FNDA:0,(anonymous_4)
FNDA:1,(anonymous_5)
FNDA:0,(anonymous_6)
FNDA:0,(anonymous_7)
FNDA:1,(anonymous_8)
FNDA:0,(anonymous_9)
DA:8,1
DA:9,5
DA:10,5
DA:13,1
DA:17,1
DA:21,1
DA:25,0
DA:29,1
DA:33,0
DA:37,0
DA:41,1
DA:45,0
LF:12
LH:8
BRF:0
BRH:0
end_of_record
TN:
SF:src\app\core\services\commande.service.ts
FN:13,(anonymous_0)
FN:17,(anonymous_1)
FN:21,(anonymous_2)
FN:25,(anonymous_3)
FN:29,(anonymous_4)
FN:33,(anonymous_5)
FN:37,(anonymous_6)
FN:41,(anonymous_7)
FN:45,(anonymous_8)
FN:49,(anonymous_9)
FN:53,(anonymous_10)
FNF:11
FNH:11
FNDA:17,(anonymous_0)
FNDA:2,(anonymous_1)
FNDA:2,(anonymous_2)
FNDA:2,(anonymous_3)
FNDA:1,(anonymous_4)
FNDA:2,(anonymous_5)
FNDA:1,(anonymous_6)
FNDA:2,(anonymous_7)
FNDA:2,(anonymous_8)
FNDA:1,(anonymous_9)
FNDA:2,(anonymous_10)
DA:13,1
DA:14,17
DA:15,17
DA:18,2
DA:22,2
DA:26,2
DA:30,1
DA:34,2
DA:38,1
DA:42,2
DA:46,2
DA:50,1
DA:54,2
LF:13
LH:13
BRF:0
BRH:0
end_of_record
TN:
SF:src\app\core\services\ingredient.service.ts
FN:8,(anonymous_0)
FN:12,(anonymous_1)
FN:16,(anonymous_2)
FN:20,(anonymous_3)
FN:24,(anonymous_4)
FN:28,(anonymous_5)
FN:32,(anonymous_6)
FN:36,(anonymous_7)
FN:40,(anonymous_8)
FN:44,(anonymous_9)
FNF:10
FNH:10
FNDA:22,(anonymous_0)
FNDA:2,(anonymous_1)
FNDA:3,(anonymous_2)
FNDA:3,(anonymous_3)
FNDA:2,(anonymous_4)
FNDA:2,(anonymous_5)
FNDA:2,(anonymous_6)
FNDA:2,(anonymous_7)
FNDA:3,(anonymous_8)
FNDA:3,(anonymous_9)
DA:8,1
DA:9,22
DA:10,22
DA:13,2
DA:17,3
DA:21,3
DA:25,2
DA:29,2
DA:33,2
DA:37,2
DA:41,3
DA:45,3
LF:12
LH:12
BRF:0
BRH:0
end_of_record
TN:
SF:src\app\core\services\navigation.service.ts
FN:11,(anonymous_0)
FN:17,(anonymous_1)
FN:20,(anonymous_2)
FN:24,(anonymous_3)
FN:35,(anonymous_4)
FN:41,(anonymous_5)
FN:45,(anonymous_6)
FN:48,(anonymous_7)
FN:58,(anonymous_8)
FN:61,(anonymous_9)
FNF:10
FNH:10
FNDA:8,(anonymous_0)
FNDA:2,(anonymous_1)
FNDA:2,(anonymous_2)
FNDA:1,(anonymous_3)
FNDA:1,(anonymous_4)
FNDA:1,(anonymous_5)
FNDA:2,(anonymous_6)
FNDA:2,(anonymous_7)
FNDA:2,(anonymous_8)
FNDA:2,(anonymous_9)
DA:10,1
DA:12,8
DA:13,8
DA:18,2
DA:21,2
DA:22,1
DA:25,1
DA:29,1
DA:36,1
DA:37,1
DA:42,1
DA:46,2
DA:49,2
DA:50,1
DA:52,1
DA:59,2
DA:62,2
DA:63,1
DA:65,1
LF:19
LH:19
BRDA:21,0,0,1
BRDA:21,0,1,1
BRDA:49,1,0,1
BRDA:49,1,1,1
BRDA:62,2,0,1
BRDA:62,2,1,1
BRF:6
BRH:6
end_of_record
TN:
SF:src\app\core\services\notification.service.ts
FN:24,(anonymous_0)
FN:31,(anonymous_1)
FN:35,(anonymous_2)
FN:52,(anonymous_3)
FN:69,(anonymous_4)
FN:95,(anonymous_5)
FN:110,(anonymous_6)
FN:122,(anonymous_7)
FN:133,(anonymous_8)
FN:137,(anonymous_9)
FN:141,(anonymous_10)
FN:145,(anonymous_11)
FN:146,(anonymous_12)
FN:150,(anonymous_13)
FN:151,(anonymous_14)
FN:154,(anonymous_15)
FN:155,(anonymous_16)
FN:158,(anonymous_17)
FNF:18
FNH:16
FNDA:20,(anonymous_0)
FNDA:20,(anonymous_1)
FNDA:11,(anonymous_2)
FNDA:1,(anonymous_3)
FNDA:4,(anonymous_4)
FNDA:5,(anonymous_5)
FNDA:16,(anonymous_6)
FNDA:19,(anonymous_7)
FNDA:6,(anonymous_8)
FNDA:2,(anonymous_9)
FNDA:9,(anonymous_10)
FNDA:2,(anonymous_11)
FNDA:1,(anonymous_12)
FNDA:0,(anonymous_13)
FNDA:0,(anonymous_14)
FNDA:2,(anonymous_15)
FNDA:3,(anonymous_16)
FNDA:41,(anonymous_17)
DA:18,1
DA:19,20
DA:20,20
DA:21,20
DA:22,20
DA:25,20
DA:26,20
DA:28,20
DA:33,20
DA:36,11
DA:37,11
DA:38,10
DA:50,20
DA:53,1
DA:54,1
DA:55,1
DA:67,20
DA:70,4
DA:71,4
DA:72,3
DA:73,3
DA:84,3
DA:85,3
DA:86,3
DA:93,20
DA:96,5
DA:97,5
DA:98,5
DA:111,16
DA:117,16
DA:118,16
DA:119,16
DA:123,19
DA:130,19
DA:134,6
DA:138,2
DA:142,9
DA:146,2
DA:147,2
DA:151,0
DA:155,3
DA:159,41
DA:160,41
LF:43
LH:42
BRDA:40,0,0,10
BRDA:40,0,1,1
BRDA:40,0,2,0
BRDA:57,1,0,1
BRDA:57,1,1,0
BRDA:76,2,0,1
BRDA:76,2,1,2
BRDA:100,3,0,3
BRDA:100,3,1,2
BRDA:147,4,0,1
BRF:10
BRH:8
end_of_record
TN:
SF:src\app\core\services\setup.service.ts
FN:29,(anonymous_0)
FN:33,(anonymous_1)
FN:37,(anonymous_2)
FNF:3
FNH:3
FNDA:2,(anonymous_0)
FNDA:1,(anonymous_1)
FNDA:1,(anonymous_2)
DA:29,1
DA:30,2
DA:31,2
DA:34,1
DA:38,1
LF:5
LH:5
BRF:0
BRH:0
end_of_record
TN:
SF:src\app\core\services\table.service.ts
FN:8,(anonymous_0)
FN:12,(anonymous_1)
FN:16,(anonymous_2)
FN:20,(anonymous_3)
FN:24,(anonymous_4)
FN:28,(anonymous_5)
FN:32,(anonymous_6)
FN:36,(anonymous_7)
FN:40,(anonymous_8)
FN:44,(anonymous_9)
FNF:10
FNH:10
FNDA:20,(anonymous_0)
FNDA:2,(anonymous_1)
FNDA:3,(anonymous_2)
FNDA:2,(anonymous_3)
FNDA:2,(anonymous_4)
FNDA:2,(anonymous_5)
FNDA:3,(anonymous_6)
FNDA:2,(anonymous_7)
FNDA:2,(anonymous_8)
FNDA:2,(anonymous_9)
DA:8,1
DA:9,20
DA:10,20
DA:13,2
DA:17,3
DA:21,2
DA:25,2
DA:29,2
DA:33,3
DA:37,2
DA:41,2
DA:45,2
LF:12
LH:12
BRF:0
BRH:0
end_of_record
TN:
SF:src\app\core\services\websocket.service.ts
FN:14,(anonymous_0)
FN:23,(anonymous_1)
FN:25,(anonymous_2)
FN:34,(anonymous_3)
FN:40,(anonymous_4)
FN:53,(anonymous_5)
FN:61,(anonymous_6)
FN:65,(anonymous_7)
FN:67,(anonymous_8)
FNF:9
FNH:8
FNDA:0,(anonymous_0)
FNDA:13,(anonymous_1)
FNDA:17,(anonymous_2)
FNDA:18,(anonymous_3)
FNDA:2,(anonymous_4)
FNDA:1,(anonymous_5)
FNDA:2,(anonymous_6)
FNDA:2,(anonymous_7)
FNDA:3,(anonymous_8)
DA:12,1
DA:14,0
DA:18,1
DA:19,13
DA:20,13
DA:21,13
DA:25,13
DA:26,17
DA:27,14
DA:28,3
DA:29,1
DA:35,18
DA:37,17
DA:41,2
DA:42,2
DA:50,17
DA:54,1
DA:62,2
DA:66,2
DA:67,3
LF:20
LH:19
BRDA:26,0,0,14
BRDA:26,0,1,3
BRDA:26,1,0,17
BRDA:26,1,1,14
BRDA:28,2,0,1
BRDA:28,3,0,3
BRDA:28,3,1,3
BRDA:35,4,0,1
BRDA:42,5,0,1
BRDA:42,5,1,1
BRF:10
BRH:10
end_of_record
TN:
SF:src\app\core\store\auth.actions.ts
FNF:0
FNH:0
DA:4,1
DA:9,1
DA:14,1
DA:19,1
DA:24,1
DA:29,1
DA:34,1
DA:39,1
DA:41,1
DA:43,1
DA:48,1
LF:11
LH:11
BRF:0
BRH:0
end_of_record
TN:
SF:src\app\core\store\auth.effects.ts
FN:52,(anonymous_0)
FN:12,(anonymous_1)
FN:15,(anonymous_2)
FN:17,(anonymous_3)
FN:30,(anonymous_4)
FN:36,(anonymous_5)
FN:39,(anonymous_6)
FN:44,(anonymous_7)
FN:48,(anonymous_8)
FNF:9
FNH:9
FNDA:10,(anonymous_0)
FNDA:10,(anonymous_1)
FNDA:6,(anonymous_2)
FNDA:4,(anonymous_3)
FNDA:2,(anonymous_4)
FNDA:10,(anonymous_5)
FNDA:4,(anonymous_6)
FNDA:3,(anonymous_7)
FNDA:4,(anonymous_8)
DA:10,1
DA:12,10
DA:13,10
DA:16,6
DA:18,4
DA:19,4
DA:28,4
DA:30,2
DA:36,10
DA:37,10
DA:40,4
DA:41,4
DA:44,4
DA:45,3
DA:48,4
DA:53,10
DA:54,10
DA:55,10
LF:18
LH:18
BRF:0
BRH:0
end_of_record
TN:
SF:src\app\core\store\auth.reducer.ts
FN:21,(anonymous_0)
FN:28,(anonymous_1)
FN:32,(anonymous_2)
FN:35,(anonymous_3)
FN:38,(anonymous_4)
FNF:5
FNH:5
FNDA:4,(anonymous_0)
FNDA:3,(anonymous_1)
FNDA:2,(anonymous_2)
FNDA:4,(anonymous_3)
FNDA:4,(anonymous_4)
DA:12,1
DA:19,1
DA:21,4
DA:28,3
DA:32,2
DA:35,4
DA:38,4
LF:7
LH:7
BRF:0
BRH:0
end_of_record
TN:
SF:src\app\core\store\auth.selectors.ts
FN:8,(anonymous_0)
FN:13,(anonymous_1)
FN:18,(anonymous_2)
FN:23,(anonymous_3)
FN:28,(anonymous_4)
FN:33,(anonymous_5)
FN:38,(anonymous_6)
FNF:7
FNH:5
FNDA:0,(anonymous_0)
FNDA:2,(anonymous_1)
FNDA:13,(anonymous_2)
FNDA:0,(anonymous_3)
FNDA:4,(anonymous_4)
FNDA:4,(anonymous_5)
FNDA:4,(anonymous_6)
DA:4,1
DA:6,1
DA:8,0
DA:11,1
DA:13,2
DA:16,1
DA:18,13
DA:21,1
DA:23,0
DA:26,1
DA:28,4
DA:31,1
DA:33,4
DA:36,1
DA:38,4
LF:15
LH:13
BRDA:28,0,0,4
BRDA:28,0,1,1
BRDA:33,1,0,4
BRDA:33,1,1,1
BRDA:38,2,0,4
BRDA:38,2,1,1
BRF:6
BRH:6
end_of_record
TN:
SF:src\app\features\admin\admin.component.ts
FN:21,(anonymous_0)
FN:28,(anonymous_1)
FNF:2
FNH:2
FNDA:7,(anonymous_0)
FNDA:8,(anonymous_1)
DA:18,1
DA:21,7
DA:22,7
DA:24,7
DA:25,7
LF:5
LH:5
BRF:0
BRH:0
end_of_record
TN:
SF:src\app\features\admin\personnalisation\personnalisation.component.ts
FN:32,(anonymous_0)
FN:47,(anonymous_1)
FN:49,(anonymous_2)
FN:60,(anonymous_3)
FN:69,(anonymous_4)
FN:78,(anonymous_5)
FN:83,(anonymous_6)
FN:87,(anonymous_7)
FN:94,(anonymous_8)
FNF:9
FNH:8
FNDA:14,(anonymous_0)
FNDA:14,(anonymous_1)
FNDA:13,(anonymous_2)
FNDA:1,(anonymous_3)
FNDA:8,(anonymous_4)
FNDA:3,(anonymous_5)
FNDA:2,(anonymous_6)
FNDA:0,(anonymous_7)
FNDA:2,(anonymous_8)
DA:13,1
DA:14,1
DA:27,1
DA:29,14
DA:30,14
DA:33,14
DA:34,14
DA:35,14
DA:36,14
DA:38,14
DA:48,14
DA:50,13
DA:51,13
DA:58,13
DA:61,1
DA:62,1
DA:63,1
DA:69,14
DA:70,8
DA:71,8
DA:72,8
DA:73,6
DA:79,3
DA:80,2
DA:81,2
DA:82,2
DA:84,2
DA:85,2
DA:88,0
DA:89,0
DA:95,2
DA:96,2
DA:98,2
LF:33
LH:31
BRDA:54,0,0,13
BRDA:54,0,1,0
BRDA:72,1,0,6
BRDA:72,2,0,8
BRDA:72,2,1,6
BRDA:79,3,0,1
BRDA:81,4,0,1
BRDA:81,4,1,1
BRDA:95,5,0,2
BRF:9
BRH:8
end_of_record
TN:
SF:src\app\features\admin\users\delete-user-dialog\delete-user-dialog.component.ts
FN:24,(anonymous_0)
FN:28,(anonymous_1)
FN:32,(anonymous_2)
FNF:3
FNH:3
FNDA:4,(anonymous_0)
FNDA:1,(anonymous_1)
FNDA:1,(anonymous_2)
DA:21,1
DA:24,4
DA:25,4
DA:29,1
DA:33,1
LF:5
LH:5
BRF:0
BRH:0
end_of_record
TN:
SF:src\app\features\admin\users\user-dialog\user-dialog.component.ts
FN:27,(anonymous_0)
FN:40,(anonymous_1)
FN:52,(anonymous_2)
FN:59,(anonymous_3)
FN:70,(anonymous_4)
FNF:5
FNH:5
FNDA:12,(anonymous_0)
FNDA:15,(anonymous_1)
FNDA:96,(anonymous_2)
FNDA:3,(anonymous_3)
FNDA:1,(anonymous_4)
DA:22,1
DA:23,12
DA:28,12
DA:29,12
DA:31,12
DA:41,15
DA:42,3
DA:47,3
DA:48,3
DA:53,96
DA:54,96
DA:55,96
DA:56,5
DA:60,3
DA:61,2
DA:62,2
DA:63,1
DA:64,1
DA:66,2
DA:71,1
LF:20
LH:20
BRDA:41,0,0,3
BRDA:55,1,0,91
BRDA:55,2,0,96
BRDA:55,2,1,5
BRDA:56,3,0,3
BRDA:56,3,1,2
BRDA:60,4,0,2
BRDA:62,5,0,1
BRF:8
BRH:8
end_of_record
TN:
SF:src\app\features\admin\users\user-list\user-list.component.ts
FN:31,(anonymous_0)
FN:36,(anonymous_1)
FN:40,(anonymous_2)
FN:41,(anonymous_3)
FN:46,(anonymous_4)
FN:50,(anonymous_5)
FN:54,(anonymous_6)
FN:67,(anonymous_7)
FN:80,(anonymous_8)
FNF:9
FNH:8
FNDA:10,(anonymous_0)
FNDA:0,(anonymous_1)
FNDA:10,(anonymous_2)
FNDA:10,(anonymous_3)
FNDA:22,(anonymous_4)
FNDA:44,(anonymous_5)
FNDA:2,(anonymous_6)
FNDA:1,(anonymous_7)
FNDA:1,(anonymous_8)
DA:27,1
DA:28,10
DA:32,10
DA:33,10
DA:36,10
DA:37,10
DA:41,10
DA:42,10
DA:47,22
DA:51,44
DA:55,2
DA:59,2
DA:60,2
DA:61,2
DA:63,0
DA:68,1
DA:72,1
DA:73,1
DA:74,1
DA:76,0
DA:81,1
DA:86,1
DA:87,1
DA:88,1
DA:90,0
LF:25
LH:22
BRDA:47,0,0,22
BRDA:47,0,1,1
BRDA:51,1,0,21
BRDA:51,1,1,23
BRDA:61,2,0,0
BRDA:74,3,0,0
BRDA:88,4,0,0
BRF:7
BRH:4
end_of_record
TN:
SF:src\app\features\auth\login\login.component.ts
FN:31,(anonymous_0)
FN:42,(anonymous_1)
FN:44,(anonymous_2)
FN:49,(anonymous_3)
FN:57,(anonymous_4)
FN:59,(anonymous_5)
FN:66,(anonymous_6)
FN:67,(anonymous_7)
FN:70,(anonymous_8)
FN:82,(anonymous_9)
FN:85,(anonymous_10)
FN:94,(anonymous_11)
FN:97,(anonymous_12)
FNF:13
FNH:12
FNDA:12,(anonymous_0)
FNDA:14,(anonymous_1)
FNDA:14,(anonymous_2)
FNDA:0,(anonymous_3)
FNDA:14,(anonymous_4)
FNDA:1,(anonymous_5)
FNDA:25,(anonymous_6)
FNDA:74,(anonymous_7)
FNDA:5,(anonymous_8)
FNDA:4,(anonymous_9)
FNDA:1,(anonymous_10)
FNDA:4,(anonymous_11)
FNDA:1,(anonymous_12)
DA:25,1
DA:27,12
DA:28,12
DA:29,12
DA:32,12
DA:33,12
DA:34,12
DA:36,12
DA:43,14
DA:45,14
DA:46,0
DA:51,14
DA:54,14
DA:57,14
DA:60,1
DA:63,14
DA:67,74
DA:71,5
DA:73,5
DA:74,4
DA:77,4
DA:80,4
DA:82,4
DA:86,1
DA:89,4
DA:92,4
DA:94,4
DA:98,1
DA:101,4
LF:29
LH:28
BRDA:45,0,0,0
BRDA:73,1,0,4
BRF:2
BRH:1
end_of_record
TN:
SF:src\app\features\auth\register\register.component.ts
FN:41,(anonymous_0)
FN:55,(anonymous_1)
FN:58,(anonymous_2)
FNF:3
FNH:3
FNDA:9,(anonymous_0)
FNDA:9,(anonymous_1)
FNDA:2,(anonymous_2)
DA:37,1
DA:39,9
DA:42,9
DA:43,9
DA:45,9
DA:59,2
DA:60,1
LF:7
LH:7
BRDA:59,0,0,1
BRF:1
BRH:1
end_of_record
TN:
SF:src\app\features\cocktails\cocktail-form\cocktail-form.component.ts
FN:37,(anonymous_0)
FN:53,(anonymous_1)
FN:59,(anonymous_2)
FN:72,(anonymous_3)
FN:77,(anonymous_4)
FN:82,(anonymous_5)
FN:90,(anonymous_6)
FN:94,(anonymous_7)
FNF:8
FNH:7
FNDA:18,(anonymous_0)
FNDA:18,(anonymous_1)
FNDA:5,(anonymous_2)
FNDA:1,(anonymous_3)
FNDA:2,(anonymous_4)
FNDA:2,(anonymous_5)
FNDA:1,(anonymous_6)
FNDA:0,(anonymous_7)
DA:30,1
DA:32,18
DA:33,18
DA:35,18
DA:38,18
DA:39,18
DA:40,18
DA:41,18
DA:42,18
DA:44,18
DA:50,18
DA:54,18
DA:55,18
DA:56,6
DA:57,6
DA:58,6
DA:60,5
DA:61,5
DA:73,1
DA:74,1
DA:78,2
DA:79,2
DA:83,2
DA:84,1
DA:85,1
DA:86,1
DA:89,1
DA:91,1
DA:92,1
DA:94,0
LF:30
LH:29
BRDA:55,0,0,6
BRDA:77,1,0,2
BRDA:83,2,0,1
BRDA:86,3,0,0
BRDA:86,3,1,1
BRDA:91,4,0,0
BRDA:91,4,1,1
BRF:7
BRH:5
end_of_record
TN:
SF:src\app\features\cocktails\cocktail-list\cocktail-list.component.ts
FN:41,(anonymous_0)
FN:51,(anonymous_1)
FN:55,(anonymous_2)
FN:60,(anonymous_3)
FN:65,(anonymous_4)
FN:71,(anonymous_5)
FN:75,(anonymous_6)
FN:82,(anonymous_7)
FN:87,(anonymous_8)
FN:89,(anonymous_9)
FN:90,(anonymous_10)
FN:95,(anonymous_11)
FN:99,(anonymous_12)
FN:103,(anonymous_13)
FN:104,(anonymous_14)
FN:108,(anonymous_15)
FN:115,(anonymous_16)
FN:119,(anonymous_17)
FN:120,(anonymous_18)
FN:123,(anonymous_19)
FN:130,(anonymous_20)
FN:131,(anonymous_21)
FN:132,(anonymous_22)
FN:133,(anonymous_23)
FNF:24
FNH:21
FNDA:13,(anonymous_0)
FNDA:13,(anonymous_1)
FNDA:26,(anonymous_2)
FNDA:20,(anonymous_3)
FNDA:20,(anonymous_4)
FNDA:19,(anonymous_5)
FNDA:1,(anonymous_6)
FNDA:4,(anonymous_7)
FNDA:25,(anonymous_8)
FNDA:2,(anonymous_9)
FNDA:4,(anonymous_10)
FNDA:54,(anonymous_11)
FNDA:1,(anonymous_12)
FNDA:1,(anonymous_13)
FNDA:1,(anonymous_14)
FNDA:0,(anonymous_15)
FNDA:1,(anonymous_16)
FNDA:1,(anonymous_17)
FNDA:2,(anonymous_18)
FNDA:0,(anonymous_19)
FNDA:1,(anonymous_20)
FNDA:1,(anonymous_21)
FNDA:0,(anonymous_22)
FNDA:27,(anonymous_23)
DA:32,1
DA:33,13
DA:34,13
DA:35,13
DA:36,13
DA:39,13
DA:42,13
DA:43,13
DA:44,13
DA:45,13
DA:47,13
DA:48,13
DA:52,13
DA:56,26
DA:57,26
DA:61,20
DA:62,20
DA:66,20
DA:67,20
DA:72,19
DA:73,19
DA:76,1
DA:77,1
DA:83,4
DA:84,4
DA:88,25
DA:89,2
DA:90,4
DA:91,22
DA:96,54
DA:100,1
DA:104,1
DA:105,1
DA:106,1
DA:109,0
DA:110,0
DA:116,1
DA:120,2
DA:121,1
DA:124,0
DA:125,0
DA:130,1
DA:131,1
DA:132,0
DA:133,27
LF:45
LH:40
BRDA:67,0,0,0
BRDA:88,1,0,1
BRDA:88,1,1,2
BRDA:88,1,2,22
BRDA:96,2,0,54
BRDA:96,2,1,1
BRDA:96,2,2,1
BRDA:105,3,0,1
BRF:8
BRH:7
end_of_record
TN:
SF:src\app\features\cocktails\cocktail-saisonnalite\cocktail-saisonnalite.component.ts
FN:149,(anonymous_0)
FN:153,(anonymous_1)
FN:159,(anonymous_2)
FN:166,(anonymous_3)
FN:175,(anonymous_4)
FN:180,(anonymous_5)
FN:183,(anonymous_6)
FN:187,(anonymous_7)
FNF:8
FNH:8
FNDA:25,(anonymous_0)
FNDA:28,(anonymous_1)
FNDA:2,(anonymous_2)
FNDA:13,(anonymous_3)
FNDA:3,(anonymous_4)
FNDA:6,(anonymous_5)
FNDA:4,(anonymous_6)
FNDA:2,(anonymous_7)
DA:13,1
DA:138,1
DA:140,25
DA:142,25
DA:143,25
DA:144,25
DA:145,25
DA:146,25
DA:147,25
DA:149,25
DA:150,25
DA:154,28
DA:155,28
DA:156,28
DA:160,2
DA:161,1
DA:162,1
DA:167,13
DA:168,12
DA:169,6
DA:172,6
DA:176,3
DA:177,2
DA:181,6
DA:182,6
DA:184,4
DA:185,4
DA:188,2
LF:28
LH:28
BRDA:154,0,0,28
BRDA:154,0,1,26
BRDA:155,1,0,28
BRDA:155,1,1,27
BRDA:156,2,0,28
BRDA:156,2,1,26
BRDA:160,3,0,1
BRDA:167,4,0,1
BRDA:167,5,0,13
BRDA:167,5,1,12
BRDA:168,6,0,6
BRDA:169,7,0,6
BRDA:169,7,1,5
BRDA:172,8,0,6
BRDA:172,8,1,4
BRDA:176,9,0,1
BRDA:176,10,0,3
BRDA:176,10,1,2
BRF:18
BRH:18
end_of_record
TN:
SF:src\app\features\commandes\commande-detail\commande-detail.component.ts
FN:34,(anonymous_0)
FN:44,(anonymous_1)
FN:47,(anonymous_2)
FN:49,(anonymous_3)
FN:50,(anonymous_4)
FN:58,(anonymous_5)
FN:63,(anonymous_6)
FN:71,(anonymous_7)
FN:75,(anonymous_8)
FN:80,(anonymous_9)
FN:85,(anonymous_10)
FN:92,(anonymous_11)
FNF:12
FNH:11
FNDA:10,(anonymous_0)
FNDA:14,(anonymous_1)
FNDA:14,(anonymous_2)
FNDA:13,(anonymous_3)
FNDA:1,(anonymous_4)
FNDA:20,(anonymous_5)
FNDA:23,(anonymous_6)
FNDA:22,(anonymous_7)
FNDA:1,(anonymous_8)
FNDA:1,(anonymous_9)
FNDA:0,(anonymous_10)
FNDA:1,(anonymous_11)
DA:27,1
DA:28,10
DA:29,10
DA:32,10
DA:35,10
DA:36,10
DA:37,10
DA:38,10
DA:40,10
DA:41,10
DA:45,14
DA:46,14
DA:47,14
DA:49,13
DA:51,1
DA:52,1
DA:53,1
DA:59,20
DA:60,20
DA:64,23
DA:68,23
DA:72,22
DA:76,1
DA:77,1
DA:81,1
DA:82,1
DA:83,1
DA:86,0
DA:87,0
DA:92,1
LF:30
LH:28
BRDA:68,0,0,23
BRDA:68,0,1,0
BRDA:72,1,0,22
BRDA:72,1,1,21
BRDA:76,2,0,0
BRF:5
BRH:3
end_of_record
TN:
SF:src\app\features\commandes\commande-form\commande-form.component.ts
FN:30,(anonymous_0)
FN:43,(anonymous_1)
FN:51,(anonymous_2)
FN:54,(anonymous_3)
FN:59,(anonymous_4)
FN:66,(anonymous_5)
FNF:6
FNH:4
FNDA:8,(anonymous_0)
FNDA:8,(anonymous_1)
FNDA:3,(anonymous_2)
FNDA:2,(anonymous_3)
FNDA:0,(anonymous_4)
FNDA:0,(anonymous_5)
DA:25,1
DA:27,8
DA:28,8
DA:31,8
DA:32,8
DA:33,8
DA:34,8
DA:35,8
DA:37,8
DA:44,8
DA:45,8
DA:46,1
DA:47,1
DA:52,3
DA:53,2
DA:55,2
DA:56,2
DA:57,2
DA:60,0
DA:61,0
DA:66,0
LF:21
LH:18
BRDA:45,0,0,1
BRDA:52,1,0,1
BRF:2
BRH:2
end_of_record
TN:
SF:src\app\features\commandes\commande-list\commande-list.component.ts
FN:51,(anonymous_0)
FN:61,(anonymous_1)
FN:63,(anonymous_2)
FN:68,(anonymous_3)
FN:73,(anonymous_4)
FN:79,(anonymous_5)
FN:83,(anonymous_6)
FN:90,(anonymous_7)
FN:95,(anonymous_8)
FN:98,(anonymous_9)
FN:101,(anonymous_10)
FN:109,(anonymous_11)
FN:111,(anonymous_12)
FN:115,(anonymous_13)
FN:116,(anonymous_14)
FN:123,(anonymous_15)
FN:127,(anonymous_16)
FN:128,(anonymous_17)
FNF:18
FNH:16
FNDA:11,(anonymous_0)
FNDA:11,(anonymous_1)
FNDA:22,(anonymous_2)
FNDA:16,(anonymous_3)
FNDA:16,(anonymous_4)
FNDA:15,(anonymous_5)
FNDA:1,(anonymous_6)
FNDA:3,(anonymous_7)
FNDA:18,(anonymous_8)
FNDA:8,(anonymous_9)
FNDA:92,(anonymous_10)
FNDA:1,(anonymous_11)
FNDA:1,(anonymous_12)
FNDA:1,(anonymous_13)
FNDA:0,(anonymous_14)
FNDA:93,(anonymous_15)
FNDA:0,(anonymous_16)
FNDA:45,(anonymous_17)
DA:32,1
DA:33,11
DA:34,11
DA:35,11
DA:36,11
DA:39,11
DA:49,11
DA:52,11
DA:53,11
DA:54,11
DA:55,11
DA:57,11
DA:58,11
DA:61,11
DA:64,22
DA:65,22
DA:69,16
DA:70,16
DA:74,16
DA:75,16
DA:80,15
DA:81,15
DA:84,1
DA:85,1
DA:91,3
DA:92,3
DA:96,18
DA:98,8
DA:102,92
DA:106,92
DA:109,1
DA:112,1
DA:115,1
DA:117,0
DA:118,0
DA:124,93
DA:127,0
DA:128,45
LF:38
LH:35
BRDA:75,0,0,0
BRDA:96,1,0,16
BRDA:96,1,1,2
BRDA:106,2,0,92
BRDA:106,2,1,1
BRF:5
BRH:4
end_of_record
TN:
SF:src\app\features\dashboard-barman\dashboard-barman.component.ts
FN:43,(anonymous_0)
FN:49,(anonymous_1)
FN:55,(anonymous_2)
FN:62,(anonymous_3)
FN:67,(anonymous_4)
FN:75,(anonymous_5)
FN:80,(anonymous_6)
FN:91,(anonymous_7)
FN:96,(anonymous_8)
FN:105,(anonymous_9)
FN:116,(anonymous_10)
FN:118,(anonymous_11)
FN:121,(anonymous_12)
FNF:13
FNH:13
FNDA:13,(anonymous_0)
FNDA:13,(anonymous_1)
FNDA:3,(anonymous_2)
FNDA:27,(anonymous_3)
FNDA:21,(anonymous_4)
FNDA:20,(anonymous_5)
FNDA:1,(anonymous_6)
FNDA:3,(anonymous_7)
FNDA:2,(anonymous_8)
FNDA:1,(anonymous_9)
FNDA:1,(anonymous_10)
FNDA:1,(anonymous_11)
FNDA:14,(anonymous_12)
DA:36,1
DA:37,13
DA:38,13
DA:39,13
DA:41,13
DA:44,13
DA:45,13
DA:46,13
DA:50,13
DA:53,13
DA:56,3
DA:57,2
DA:63,27
DA:64,27
DA:68,21
DA:76,20
DA:77,20
DA:78,20
DA:81,1
DA:86,1
DA:92,3
DA:97,2
DA:98,2
DA:103,2
DA:106,1
DA:111,1
DA:117,1
DA:118,1
DA:122,14
LF:29
LH:29
BRDA:56,0,0,2
BRDA:56,1,0,3
BRDA:56,1,1,2
BRF:3
BRH:3
end_of_record
TN:
SF:src\app\features\dashboard-barman\components\commande-card\commande-card.component.ts
FN:37,(anonymous_0)
FN:41,(anonymous_1)
FN:44,(anonymous_2)
FN:47,(anonymous_3)
FN:51,(anonymous_4)
FN:63,(anonymous_5)
FN:73,(anonymous_6)
FN:84,(anonymous_7)
FN:94,(anonymous_8)
FN:98,(anonymous_9)
FNF:10
FNH:10
FNDA:33,(anonymous_0)
FNDA:34,(anonymous_1)
FNDA:1,(anonymous_2)
FNDA:35,(anonymous_3)
FNDA:37,(anonymous_4)
FNDA:70,(anonymous_5)
FNDA:5,(anonymous_6)
FNDA:4,(anonymous_7)
FNDA:1,(anonymous_8)
FNDA:1,(anonymous_9)
DA:30,1
DA:32,33
DA:34,33
DA:38,33
DA:42,34
DA:44,34
DA:48,35
DA:52,37
DA:53,37
DA:54,37
DA:55,37
DA:56,1
DA:58,36
DA:64,70
DA:65,67
DA:66,1
DA:67,1
DA:68,1
DA:74,5
DA:75,4
DA:76,1
DA:77,1
DA:78,1
DA:79,1
DA:85,4
DA:86,3
DA:87,1
DA:88,1
DA:89,1
DA:90,0
DA:95,1
DA:99,1
LF:32
LH:31
BRDA:55,0,0,1
BRDA:55,0,1,36
BRDA:64,1,0,67
BRDA:64,1,1,1
BRDA:64,1,2,1
BRDA:64,1,3,1
BRDA:74,2,0,1
BRDA:75,3,0,1
BRDA:75,3,1,1
BRDA:75,3,2,1
BRDA:75,3,3,1
BRDA:85,4,0,1
BRDA:86,5,0,1
BRDA:86,5,1,1
BRDA:86,5,2,1
BRDA:86,5,3,0
BRF:16
BRH:15
end_of_record
TN:
SF:src\app\features\dashboard-barman\services\dashboard-barman.service.ts
FN:11,(anonymous_0)
FN:13,(anonymous_1)
FN:17,(anonymous_2)
FN:21,(anonymous_3)
FN:25,(anonymous_4)
FNF:5
FNH:0
FNDA:0,(anonymous_0)
FNDA:0,(anonymous_1)
FNDA:0,(anonymous_2)
FNDA:0,(anonymous_3)
FNDA:0,(anonymous_4)
DA:7,1
DA:9,0
DA:11,0
DA:14,0
DA:18,0
DA:22,0
DA:26,0
LF:7
LH:1
BRF:0
BRH:0
end_of_record
TN:
SF:src\app\features\dashboard-manager\dashboard-manager.component.ts
FN:40,(anonymous_0)
FN:44,(anonymous_1)
FN:48,(anonymous_2)
FN:51,(anonymous_3)
FN:52,(anonymous_4)
FN:56,(anonymous_5)
FN:61,(anonymous_6)
FN:66,(anonymous_7)
FN:67,(anonymous_8)
FN:71,(anonymous_9)
FN:75,(anonymous_10)
FN:76,(anonymous_11)
FN:80,(anonymous_12)
FN:84,(anonymous_13)
FN:89,(anonymous_14)
FN:96,(anonymous_15)
FNF:16
FNH:15
FNDA:17,(anonymous_0)
FNDA:18,(anonymous_1)
FNDA:2,(anonymous_2)
FNDA:2,(anonymous_3)
FNDA:0,(anonymous_4)
FNDA:20,(anonymous_5)
FNDA:20,(anonymous_6)
FNDA:19,(anonymous_7)
FNDA:1,(anonymous_8)
FNDA:2,(anonymous_9)
FNDA:1,(anonymous_10)
FNDA:1,(anonymous_11)
FNDA:36,(anonymous_12)
FNDA:105,(anonymous_13)
FNDA:107,(anonymous_14)
FNDA:52,(anonymous_15)
DA:35,1
DA:36,17
DA:37,17
DA:38,17
DA:40,17
DA:42,1
DA:45,18
DA:47,18
DA:48,2
DA:51,2
DA:57,20
DA:58,20
DA:62,20
DA:63,20
DA:66,19
DA:67,1
DA:72,2
DA:75,1
DA:76,1
DA:81,36
DA:85,105
DA:90,107
DA:91,105
DA:92,105
DA:93,104
DA:97,52
LF:26
LH:26
BRDA:81,0,0,36
BRDA:81,0,1,0
BRDA:85,1,0,35
BRDA:85,1,1,70
BRDA:85,2,0,35
BRDA:85,2,1,35
BRDA:90,3,0,2
BRDA:90,4,0,107
BRDA:90,4,1,106
BRDA:92,5,0,1
BRF:10
BRH:9
end_of_record
TN:
SF:src\app\features\dashboard-manager\components\stat-card\stat-card.component.ts
FN:12,(anonymous_0)
FN:18,(anonymous_1)
FNF:2
FNH:2
FNDA:13,(anonymous_0)
FNDA:25,(anonymous_1)
DA:12,1
DA:15,13
DA:16,13
DA:19,25
DA:20,24
DA:21,23
LF:6
LH:6
BRDA:19,0,0,1
BRDA:20,1,0,1
BRF:2
BRH:2
end_of_record
TN:
SF:src\app\features\dashboard-manager\services\dashboard-manager.service.ts
FN:12,(anonymous_0)
FN:14,(anonymous_1)
FNF:2
FNH:0
FNDA:0,(anonymous_0)
FNDA:0,(anonymous_1)
DA:8,1
DA:10,0
DA:12,0
DA:15,0
LF:4
LH:1
BRF:0
BRH:0
end_of_record
TN:
SF:src\app\features\dashboard-serveur\dashboard-serveur.component.ts
FN:45,(anonymous_0)
FN:55,(anonymous_1)
FN:61,(anonymous_2)
FN:68,(anonymous_3)
FN:73,(anonymous_4)
FN:78,(anonymous_5)
FN:84,(anonymous_6)
FN:88,(anonymous_7)
FN:99,(anonymous_8)
FN:102,(anonymous_9)
FN:105,(anonymous_10)
FN:112,(anonymous_11)
FN:113,(anonymous_12)
FN:116,(anonymous_13)
FN:117,(anonymous_14)
FN:120,(anonymous_15)
FN:125,(anonymous_16)
FN:139,(anonymous_17)
FN:143,(anonymous_18)
FN:147,(anonymous_19)
FN:156,(anonymous_20)
FN:167,(anonymous_21)
FN:171,(anonymous_22)
FNF:23
FNH:22
FNDA:21,(anonymous_0)
FNDA:21,(anonymous_1)
FNDA:3,(anonymous_2)
FNDA:22,(anonymous_3)
FNDA:28,(anonymous_4)
FNDA:28,(anonymous_5)
FNDA:27,(anonymous_6)
FNDA:1,(anonymous_7)
FNDA:31,(anonymous_8)
FNDA:6,(anonymous_9)
FNDA:3,(anonymous_10)
FNDA:85,(anonymous_11)
FNDA:255,(anonymous_12)
FNDA:85,(anonymous_13)
FNDA:255,(anonymous_14)
FNDA:1,(anonymous_15)
FNDA:1,(anonymous_16)
FNDA:0,(anonymous_17)
FNDA:2,(anonymous_18)
FNDA:1,(anonymous_19)
FNDA:1,(anonymous_20)
FNDA:1,(anonymous_21)
FNDA:64,(anonymous_22)
DA:37,1
DA:38,21
DA:39,21
DA:40,21
DA:41,21
DA:43,21
DA:46,21
DA:47,21
DA:48,21
DA:49,21
DA:50,21
DA:52,21
DA:56,21
DA:59,21
DA:62,3
DA:63,2
DA:69,22
DA:70,22
DA:74,28
DA:75,28
DA:79,28
DA:80,28
DA:85,27
DA:86,27
DA:89,1
DA:94,1
DA:100,31
DA:102,6
DA:103,2
DA:105,3
DA:106,1
DA:108,28
DA:113,255
DA:117,255
DA:121,1
DA:122,1
DA:126,1
DA:132,1
DA:133,1
DA:134,1
DA:135,0
DA:140,0
DA:144,2
DA:148,1
DA:149,1
DA:154,1
DA:157,1
DA:162,1
DA:168,1
DA:172,64
LF:50
LH:48
BRDA:62,0,0,2
BRDA:62,1,0,3
BRDA:62,1,1,2
BRDA:80,2,0,2
BRDA:100,3,0,2
BRDA:100,3,1,1
BRDA:100,3,2,28
BRDA:134,4,0,0
BRF:8
BRH:7
end_of_record
TN:
SF:src\app\features\dashboard-serveur\components\table-card\table-card.component.ts
FN:28,(anonymous_0)
FN:33,(anonymous_1)
FN:40,(anonymous_2)
FN:47,(anonymous_3)
FN:49,(anonymous_4)
FN:53,(anonymous_5)
FNF:6
FNH:6
FNDA:79,(anonymous_0)
FNDA:162,(anonymous_1)
FNDA:319,(anonymous_2)
FNDA:260,(anonymous_3)
FNDA:9,(anonymous_4)
FNDA:160,(anonymous_5)
DA:23,1
DA:25,79
DA:26,79
DA:29,79
DA:34,162
DA:35,86
DA:36,85
DA:41,319
DA:42,170
DA:43,169
DA:48,260
DA:49,9
DA:54,160
LF:13
LH:13
BRDA:34,0,0,76
BRDA:35,1,0,1
BRDA:41,2,0,149
BRDA:42,3,0,1
BRDA:48,4,0,260
BRDA:48,4,1,0
BRDA:54,5,0,160
BRDA:54,5,1,0
BRF:8
BRH:6
end_of_record
TN:
SF:src\app\features\dashboard-serveur\components\table-detail-modal\table-detail-modal.component.ts
FN:37,(anonymous_0)
FN:46,(anonymous_1)
FN:50,(anonymous_2)
FN:53,(anonymous_3)
FN:55,(anonymous_4)
FN:57,(anonymous_5)
FN:60,(anonymous_6)
FN:71,(anonymous_7)
FN:73,(anonymous_8)
FN:74,(anonymous_9)
FN:85,(anonymous_10)
FN:90,(anonymous_11)
FN:94,(anonymous_12)
FN:98,(anonymous_13)
FN:108,(anonymous_14)
FN:118,(anonymous_15)
FNF:16
FNH:0
FNDA:0,(anonymous_0)
FNDA:0,(anonymous_1)
FNDA:0,(anonymous_2)
FNDA:0,(anonymous_3)
FNDA:0,(anonymous_4)
FNDA:0,(anonymous_5)
FNDA:0,(anonymous_6)
FNDA:0,(anonymous_7)
FNDA:0,(anonymous_8)
FNDA:0,(anonymous_9)
FNDA:0,(anonymous_10)
FNDA:0,(anonymous_11)
FNDA:0,(anonymous_12)
FNDA:0,(anonymous_13)
FNDA:0,(anonymous_14)
FNDA:0,(anonymous_15)
DA:32,1
DA:34,0
DA:35,0
DA:38,0
DA:39,0
DA:40,0
DA:41,0
DA:43,0
DA:47,0
DA:51,0
DA:52,0
DA:53,0
DA:56,0
DA:57,0
DA:61,0
DA:66,0
DA:72,0
DA:73,0
DA:75,0
DA:80,0
DA:86,0
DA:87,0
DA:91,0
DA:95,0
DA:99,0
DA:105,0
DA:109,0
DA:115,0
DA:119,0
LF:29
LH:1
BRDA:57,0,0,0
BRDA:57,0,1,0
BRDA:105,1,0,0
BRDA:105,1,1,0
BRDA:115,2,0,0
BRDA:115,2,1,0
BRDA:119,3,0,0
BRDA:119,3,1,0
BRDA:119,3,2,0
BRF:9
BRH:0
end_of_record
TN:
SF:src\app\features\dashboard-serveur\kanban-serveur\kanban-serveur.component.ts
FN:56,(anonymous_0)
FN:64,(anonymous_1)
FN:69,(anonymous_2)
FN:76,(anonymous_3)
FN:81,(anonymous_4)
FN:92,(anonymous_5)
FN:98,(anonymous_6)
FN:106,(anonymous_7)
FN:117,(anonymous_8)
FN:122,(anonymous_9)
FN:123,(anonymous_10)
FN:126,(anonymous_11)
FN:131,(anonymous_12)
FN:135,(anonymous_13)
FN:144,(anonymous_14)
FN:155,(anonymous_15)
FN:159,(anonymous_16)
FN:168,(anonymous_17)
FN:179,(anonymous_18)
FN:180,(anonymous_19)
FNF:20
FNH:19
FNDA:13,(anonymous_0)
FNDA:13,(anonymous_1)
FNDA:2,(anonymous_2)
FNDA:26,(anonymous_3)
FNDA:21,(anonymous_4)
FNDA:21,(anonymous_5)
FNDA:20,(anonymous_6)
FNDA:1,(anonymous_7)
FNDA:3,(anonymous_8)
FNDA:23,(anonymous_9)
FNDA:92,(anonymous_10)
FNDA:6,(anonymous_11)
FNDA:2,(anonymous_12)
FNDA:1,(anonymous_13)
FNDA:1,(anonymous_14)
FNDA:2,(anonymous_15)
FNDA:1,(anonymous_16)
FNDA:1,(anonymous_17)
FNDA:0,(anonymous_18)
FNDA:40,(anonymous_19)
DA:41,1
DA:42,13
DA:49,13
DA:50,13
DA:51,13
DA:53,13
DA:54,13
DA:57,13
DA:58,13
DA:59,13
DA:61,13
DA:65,13
DA:67,13
DA:70,2
DA:71,1
DA:77,26
DA:78,26
DA:82,21
DA:83,21
DA:93,21
DA:94,21
DA:99,20
DA:100,20
DA:101,20
DA:102,20
DA:103,20
DA:104,20
DA:107,1
DA:112,1
DA:118,3
DA:119,3
DA:123,23
DA:124,92
DA:125,92
DA:126,6
DA:132,2
DA:136,1
DA:137,1
DA:142,1
DA:145,1
DA:150,1
DA:156,2
DA:160,1
DA:161,1
DA:166,1
DA:169,1
DA:174,1
DA:179,0
DA:180,40
LF:49
LH:48
BRDA:70,0,0,1
BRDA:70,1,0,2
BRDA:70,1,1,1
BRDA:94,2,0,0
BRDA:124,3,0,92
BRDA:124,3,1,0
BRDA:125,4,0,8
BRDA:125,4,1,84
BRF:8
BRH:6
end_of_record
TN:
SF:src\app\features\dashboard-serveur\nouvelle-commande\nouvelle-commande.component.ts
FN:56,(anonymous_0)
FN:66,(anonymous_1)
FN:71,(anonymous_2)
FN:76,(anonymous_3)
FN:84,(anonymous_4)
FN:87,(anonymous_5)
FN:91,(anonymous_6)
FN:102,(anonymous_7)
FN:103,(anonymous_8)
FN:106,(anonymous_9)
FN:107,(anonymous_10)
FN:115,(anonymous_11)
FN:116,(anonymous_12)
FN:125,(anonymous_13)
FN:126,(anonymous_14)
FN:129,(anonymous_15)
FN:130,(anonymous_16)
FN:133,(anonymous_17)
FN:134,(anonymous_18)
FN:137,(anonymous_19)
FN:144,(anonymous_20)
FN:146,(anonymous_21)
FN:150,(anonymous_22)
FN:152,(anonymous_23)
FN:155,(anonymous_24)
FN:164,(anonymous_25)
FN:175,(anonymous_26)
FNF:27
FNH:27
FNDA:18,(anonymous_0)
FNDA:18,(anonymous_1)
FNDA:36,(anonymous_2)
FNDA:20,(anonymous_3)
FNDA:20,(anonymous_4)
FNDA:19,(anonymous_5)
FNDA:1,(anonymous_6)
FNDA:146,(anonymous_7)
FNDA:1,(anonymous_8)
FNDA:20,(anonymous_9)
FNDA:8,(anonymous_10)
FNDA:2,(anonymous_11)
FNDA:2,(anonymous_12)
FNDA:1,(anonymous_13)
FNDA:2,(anonymous_14)
FNDA:1,(anonymous_15)
FNDA:2,(anonymous_16)
FNDA:37,(anonymous_17)
FNDA:2,(anonymous_18)
FNDA:5,(anonymous_19)
FNDA:3,(anonymous_20)
FNDA:4,(anonymous_21)
FNDA:3,(anonymous_22)
FNDA:4,(anonymous_23)
FNDA:3,(anonymous_24)
FNDA:1,(anonymous_25)
FNDA:37,(anonymous_26)
DA:46,1
DA:47,18
DA:48,18
DA:49,18
DA:50,18
DA:51,18
DA:54,18
DA:57,18
DA:58,18
DA:59,18
DA:60,18
DA:61,18
DA:63,18
DA:67,18
DA:68,18
DA:72,36
DA:73,36
DA:77,20
DA:78,20
DA:84,20
DA:88,19
DA:89,19
DA:92,1
DA:97,1
DA:103,146
DA:107,20
DA:108,20
DA:109,4
DA:111,16
DA:116,2
DA:117,2
DA:118,2
DA:119,1
DA:121,1
DA:126,2
DA:130,2
DA:134,37
DA:138,5
DA:139,4
DA:141,4
DA:145,3
DA:147,4
DA:148,4
DA:150,3
DA:152,4
DA:156,3
DA:161,3
DA:162,3
DA:165,1
DA:170,1
DA:175,37
LF:51
LH:51
BRDA:103,0,0,146
BRDA:103,0,1,145
BRDA:108,1,0,4
BRDA:108,1,1,16
BRDA:117,2,0,0
BRDA:118,3,0,1
BRDA:118,3,1,1
BRDA:138,4,0,1
BRDA:138,5,0,5
BRDA:138,5,1,4
BRF:10
BRH:9
end_of_record
TN:
SF:src\app\features\dashboard-serveur\services\dashboard-serveur.service.ts
FN:15,(anonymous_0)
FN:17,(anonymous_1)
FN:19,(anonymous_2)
FN:19,(anonymous_3)
FN:23,(anonymous_4)
FN:25,(anonymous_5)
FN:29,(anonymous_6)
FN:31,(anonymous_7)
FN:31,(anonymous_8)
FN:35,(anonymous_9)
FN:39,(anonymous_10)
FN:43,(anonymous_11)
FN:47,(anonymous_12)
FN:51,(anonymous_13)
FN:55,(anonymous_14)
FN:59,(anonymous_15)
FN:63,(anonymous_16)
FN:67,(anonymous_17)
FNF:18
FNH:0
FNDA:0,(anonymous_0)
FNDA:0,(anonymous_1)
FNDA:0,(anonymous_2)
FNDA:0,(anonymous_3)
FNDA:0,(anonymous_4)
FNDA:0,(anonymous_5)
FNDA:0,(anonymous_6)
FNDA:0,(anonymous_7)
FNDA:0,(anonymous_8)
FNDA:0,(anonymous_9)
FNDA:0,(anonymous_10)
FNDA:0,(anonymous_11)
FNDA:0,(anonymous_12)
FNDA:0,(anonymous_13)
FNDA:0,(anonymous_14)
FNDA:0,(anonymous_15)
FNDA:0,(anonymous_16)
FNDA:0,(anonymous_17)
DA:11,1
DA:12,0
DA:13,0
DA:15,0
DA:18,0
DA:19,0
DA:24,0
DA:25,0
DA:30,0
DA:31,0
DA:36,0
DA:40,0
DA:44,0
DA:48,0
DA:52,0
DA:56,0
DA:60,0
DA:64,0
DA:68,0
LF:19
LH:1
BRF:0
BRH:0
end_of_record
TN:
SF:src\app\features\error-404\error-404.component.ts
FNF:0
FNH:0
DA:13,1
LF:1
LH:1
BRF:0
BRH:0
end_of_record
TN:
SF:src\app\features\factures\facture-detail\facture-detail.component.ts
FN:36,(anonymous_0)
FN:44,(anonymous_1)
FN:46,(anonymous_2)
FN:48,(anonymous_3)
FN:51,(anonymous_4)
FN:56,(anonymous_5)
FN:60,(anonymous_6)
FN:64,(anonymous_7)
FN:68,(anonymous_8)
FN:72,(anonymous_9)
FN:78,(anonymous_10)
FN:83,(anonymous_11)
FN:88,(anonymous_12)
FNF:13
FNH:10
FNDA:15,(anonymous_0)
FNDA:15,(anonymous_1)
FNDA:15,(anonymous_2)
FNDA:14,(anonymous_3)
FNDA:16,(anonymous_4)
FNDA:31,(anonymous_5)
FNDA:30,(anonymous_6)
FNDA:30,(anonymous_7)
FNDA:15,(anonymous_8)
FNDA:2,(anonymous_9)
FNDA:0,(anonymous_10)
FNDA:0,(anonymous_11)
FNDA:0,(anonymous_12)
DA:32,1
DA:33,15
DA:34,15
DA:37,15
DA:38,15
DA:39,15
DA:41,15
DA:45,15
DA:46,15
DA:48,14
DA:52,16
DA:53,16
DA:57,31
DA:61,30
DA:65,30
DA:69,15
DA:73,2
DA:74,1
DA:79,0
DA:80,0
DA:84,0
DA:85,0
DA:86,0
DA:89,0
DA:90,0
LF:25
LH:18
BRDA:57,0,0,31
BRDA:57,0,1,2
BRDA:57,0,2,1
BRDA:61,1,0,1
BRDA:61,1,1,29
BRDA:65,2,0,1
BRDA:65,2,1,29
BRDA:73,3,0,1
BRDA:79,4,0,0
BRDA:79,5,0,0
BRDA:79,5,1,0
BRF:11
BRH:8
end_of_record
TN:
SF:src\app\features\factures\facture-list\facture-list.component.ts
FN:35,(anonymous_0)
FN:39,(anonymous_1)
FN:43,(anonymous_2)
FN:48,(anonymous_3)
FN:53,(anonymous_4)
FN:54,(anonymous_5)
FN:58,(anonymous_6)
FN:63,(anonymous_7)
FN:64,(anonymous_8)
FN:68,(anonymous_9)
FN:72,(anonymous_10)
FN:76,(anonymous_11)
FNF:12
FNH:12
FNDA:12,(anonymous_0)
FNDA:12,(anonymous_1)
FNDA:13,(anonymous_2)
FNDA:15,(anonymous_3)
FNDA:13,(anonymous_4)
FNDA:1,(anonymous_5)
FNDA:2,(anonymous_6)
FNDA:1,(anonymous_7)
FNDA:1,(anonymous_8)
FNDA:50,(anonymous_9)
FNDA:50,(anonymous_10)
FNDA:25,(anonymous_11)
DA:30,1
DA:31,12
DA:32,12
DA:33,12
DA:35,12
DA:36,12
DA:40,12
DA:44,13
DA:45,13
DA:49,15
DA:50,15
DA:53,13
DA:54,1
DA:59,2
DA:60,2
DA:63,1
DA:64,1
DA:69,50
DA:73,50
DA:77,25
LF:20
LH:20
BRDA:69,0,0,25
BRDA:69,0,1,25
BRDA:73,1,0,25
BRDA:73,1,1,25
BRF:4
BRH:4
end_of_record
TN:
SF:src\app\features\factures\facture-split\facture-split.component.ts
FN:50,(anonymous_0)
FN:57,(anonymous_1)
FN:61,(anonymous_2)
FN:69,(anonymous_3)
FN:71,(anonymous_4)
FN:72,(anonymous_5)
FN:78,(anonymous_6)
FN:82,(anonymous_7)
FN:86,(anonymous_8)
FN:87,(anonymous_9)
FN:96,(anonymous_10)
FN:102,(anonymous_11)
FN:105,(anonymous_12)
FN:115,(anonymous_13)
FN:119,(anonymous_14)
FN:121,(anonymous_15)
FN:124,(anonymous_16)
FN:130,(anonymous_17)
FN:133,(anonymous_18)
FN:134,(anonymous_19)
FN:136,(anonymous_20)
FN:139,(anonymous_21)
FN:140,(anonymous_22)
FN:149,(anonymous_23)
FN:150,(anonymous_24)
FNF:25
FNH:24
FNDA:29,(anonymous_0)
FNDA:29,(anonymous_1)
FNDA:3,(anonymous_2)
FNDA:1,(anonymous_3)
FNDA:1,(anonymous_4)
FNDA:0,(anonymous_5)
FNDA:4,(anonymous_6)
FNDA:3,(anonymous_7)
FNDA:1,(anonymous_8)
FNDA:2,(anonymous_9)
FNDA:2,(anonymous_10)
FNDA:2,(anonymous_11)
FNDA:2,(anonymous_12)
FNDA:11,(anonymous_13)
FNDA:4,(anonymous_14)
FNDA:5,(anonymous_15)
FNDA:5,(anonymous_16)
FNDA:9,(anonymous_17)
FNDA:18,(anonymous_18)
FNDA:8,(anonymous_19)
FNDA:9,(anonymous_20)
FNDA:3,(anonymous_21)
FNDA:1,(anonymous_22)
FNDA:2,(anonymous_23)
FNDA:2,(anonymous_24)
DA:34,1
DA:36,29
DA:39,29
DA:42,29
DA:43,29
DA:44,29
DA:46,29
DA:47,29
DA:48,29
DA:51,29
DA:52,29
DA:54,29
DA:58,29
DA:62,3
DA:63,3
DA:64,3
DA:65,1
DA:70,1
DA:71,1
DA:72,0
DA:79,4
DA:83,3
DA:84,3
DA:85,3
DA:86,1
DA:88,2
DA:89,2
DA:97,2
DA:98,1
DA:103,2
DA:105,2
DA:106,2
DA:107,2
DA:108,1
DA:109,1
DA:110,1
DA:116,11
DA:120,4
DA:121,5
DA:125,5
DA:126,4
DA:127,4
DA:129,4
DA:130,9
DA:133,18
DA:134,8
DA:136,9
DA:138,4
DA:139,3
DA:141,1
DA:142,1
DA:150,2
LF:52
LH:51
BRDA:64,0,0,1
BRDA:64,1,0,3
BRDA:64,1,1,2
BRDA:88,2,0,2
BRDA:88,2,1,1
BRDA:97,3,0,1
BRDA:107,4,0,1
BRDA:107,4,1,1
BRDA:109,5,0,1
BRDA:116,6,0,11
BRDA:116,6,1,2
BRDA:120,7,0,1
BRDA:125,8,0,1
BRDA:141,9,0,1
BRDA:141,9,1,0
BRF:15
BRH:14
end_of_record
TN:
SF:src\app\features\factures\services\facture.service.ts
FN:32,(anonymous_0)
FN:34,(anonymous_1)
FN:38,(anonymous_2)
FN:42,(anonymous_3)
FN:46,(anonymous_4)
FN:51,(anonymous_5)
FN:57,(anonymous_6)
FN:61,(anonymous_7)
FNF:8
FNH:8
FNDA:11,(anonymous_0)
FNDA:2,(anonymous_1)
FNDA:2,(anonymous_2)
FNDA:1,(anonymous_3)
FNDA:1,(anonymous_4)
FNDA:2,(anonymous_5)
FNDA:1,(anonymous_6)
FNDA:1,(anonymous_7)
DA:29,1
DA:30,11
DA:32,11
DA:35,2
DA:39,2
DA:43,1
DA:47,1
DA:48,1
DA:52,2
DA:58,1
DA:62,1
LF:11
LH:11
BRF:0
BRH:0
end_of_record
TN:
SF:src\app\features\home\home.component.ts
FN:20,(anonymous_0)
FN:25,(anonymous_1)
FNF:2
FNH:2
FNDA:6,(anonymous_0)
FNDA:7,(anonymous_1)
DA:17,1
DA:20,6
DA:21,6
DA:22,6
LF:4
LH:4
BRF:0
BRH:0
end_of_record
TN:
SF:src\app\features\ingredients\ingredient-detail\ingredient-detail.component.ts
FN:36,(anonymous_0)
FN:47,(anonymous_1)
FN:52,(anonymous_2)
FN:54,(anonymous_3)
FN:55,(anonymous_4)
FN:63,(anonymous_5)
FN:68,(anonymous_6)
FN:74,(anonymous_7)
FN:78,(anonymous_8)
FN:79,(anonymous_9)
FN:80,(anonymous_10)
FNF:11
FNH:10
FNDA:11,(anonymous_0)
FNDA:13,(anonymous_1)
FNDA:13,(anonymous_2)
FNDA:12,(anonymous_3)
FNDA:1,(anonymous_4)
FNDA:22,(anonymous_5)
FNDA:26,(anonymous_6)
FNDA:24,(anonymous_7)
FNDA:1,(anonymous_8)
FNDA:1,(anonymous_9)
FNDA:0,(anonymous_10)
DA:29,1
DA:30,11
DA:31,11
DA:34,11
DA:37,11
DA:38,11
DA:39,11
DA:40,11
DA:41,11
DA:43,11
DA:44,11
DA:48,13
DA:49,13
DA:50,13
DA:51,13
DA:52,13
DA:54,12
DA:56,1
DA:57,1
DA:58,1
DA:64,22
DA:65,22
DA:69,26
DA:70,24
DA:71,23
DA:75,24
DA:78,1
DA:79,1
DA:80,0
LF:29
LH:28
BRDA:49,0,0,0
BRDA:69,1,0,2
BRDA:70,2,0,1
BRDA:75,3,0,24
BRDA:75,3,1,24
BRDA:80,4,0,0
BRDA:80,4,1,0
BRF:7
BRH:4
end_of_record
TN:
SF:src\app\features\ingredients\ingredient-form\ingredient-form.component.ts
FN:28,(anonymous_0)
FN:43,(anonymous_1)
FN:49,(anonymous_2)
FN:55,(anonymous_3)
FN:63,(anonymous_4)
FN:70,(anonymous_5)
FN:75,(anonymous_6)
FN:82,(anonymous_7)
FNF:8
FNH:5
FNDA:18,(anonymous_0)
FNDA:18,(anonymous_1)
FNDA:4,(anonymous_2)
FNDA:0,(anonymous_3)
FNDA:1,(anonymous_4)
FNDA:0,(anonymous_5)
FNDA:0,(anonymous_6)
FNDA:2,(anonymous_7)
DA:23,1
DA:25,18
DA:26,18
DA:29,18
DA:30,18
DA:31,18
DA:32,18
DA:33,18
DA:35,18
DA:44,18
DA:45,18
DA:46,4
DA:47,4
DA:48,4
DA:49,4
DA:56,0
DA:57,0
DA:64,1
DA:65,0
DA:66,0
DA:69,0
DA:71,0
DA:72,0
DA:73,0
DA:76,0
DA:77,0
DA:82,2
LF:27
LH:17
BRDA:45,0,0,4
BRDA:64,1,0,1
BRDA:66,2,0,0
BRDA:66,2,1,0
BRDA:71,3,0,0
BRDA:71,3,1,0
BRF:6
BRH:2
end_of_record
TN:
SF:src\app\features\ingredients\ingredient-list\ingredient-list.component.ts
FN:37,(anonymous_0)
FN:47,(anonymous_1)
FN:49,(anonymous_2)
FN:54,(anonymous_3)
FN:59,(anonymous_4)
FN:65,(anonymous_5)
FN:66,(anonymous_6)
FN:73,(anonymous_7)
FN:79,(anonymous_8)
FN:83,(anonymous_9)
FN:87,(anonymous_10)
FN:87,(anonymous_11)
FN:88,(anonymous_12)
FN:95,(anonymous_13)
FN:96,(anonymous_14)
FN:97,(anonymous_15)
FN:98,(anonymous_16)
FN:99,(anonymous_17)
FNF:18
FNH:16
FNDA:13,(anonymous_0)
FNDA:13,(anonymous_1)
FNDA:26,(anonymous_2)
FNDA:16,(anonymous_3)
FNDA:16,(anonymous_4)
FNDA:15,(anonymous_5)
FNDA:1,(anonymous_6)
FNDA:55,(anonymous_7)
FNDA:54,(anonymous_8)
FNDA:1,(anonymous_9)
FNDA:1,(anonymous_10)
FNDA:2,(anonymous_11)
FNDA:0,(anonymous_12)
FNDA:1,(anonymous_13)
FNDA:1,(anonymous_14)
FNDA:1,(anonymous_15)
FNDA:0,(anonymous_16)
FNDA:27,(anonymous_17)
DA:30,1
DA:31,13
DA:32,13
DA:35,13
DA:38,13
DA:39,13
DA:40,13
DA:41,13
DA:43,13
DA:44,13
DA:47,13
DA:50,26
DA:51,26
DA:55,16
DA:56,16
DA:60,16
DA:61,16
DA:65,15
DA:67,1
DA:68,1
DA:74,55
DA:75,54
DA:76,27
DA:80,54
DA:84,1
DA:87,2
DA:89,0
DA:90,0
DA:95,1
DA:96,1
DA:97,1
DA:98,0
DA:99,27
LF:33
LH:30
BRDA:61,0,0,0
BRDA:74,1,0,1
BRDA:75,2,0,27
BRF:3
BRH:2
end_of_record
TN:
SF:src\app\features\plan-salle\plan-salle.component.ts
FN:61,(anonymous_0)
FN:74,(anonymous_1)
FN:77,(anonymous_2)
FN:81,(anonymous_3)
FN:86,(anonymous_4)
FN:87,(anonymous_5)
FN:91,(anonymous_6)
FN:95,(anonymous_7)
FN:99,(anonymous_8)
FN:105,(anonymous_9)
FN:108,(anonymous_10)
FN:112,(anonymous_11)
FN:118,(anonymous_12)
FN:127,(anonymous_13)
FN:139,(anonymous_14)
FN:144,(anonymous_15)
FN:154,(anonymous_16)
FN:177,(anonymous_17)
FN:178,(anonymous_18)
FN:182,(anonymous_19)
FN:188,(anonymous_20)
FN:195,(anonymous_21)
FN:200,(anonymous_22)
FN:212,(anonymous_23)
FN:221,(anonymous_24)
FN:241,(anonymous_25)
FN:244,(anonymous_26)
FN:248,(anonymous_27)
FN:253,(anonymous_28)
FN:256,(anonymous_29)
FN:258,(anonymous_30)
FN:260,(anonymous_31)
FN:265,(anonymous_32)
FN:269,(anonymous_33)
FN:271,(anonymous_34)
FNF:35
FNH:30
FNDA:15,(anonymous_0)
FNDA:15,(anonymous_1)
FNDA:15,(anonymous_2)
FNDA:2,(anonymous_3)
FNDA:15,(anonymous_4)
FNDA:15,(anonymous_5)
FNDA:19,(anonymous_6)
FNDA:1,(anonymous_7)
FNDA:1,(anonymous_8)
FNDA:18,(anonymous_9)
FNDA:36,(anonymous_10)
FNDA:18,(anonymous_11)
FNDA:15,(anonymous_12)
FNDA:15,(anonymous_13)
FNDA:18,(anonymous_14)
FNDA:36,(anonymous_15)
FNDA:38,(anonymous_16)
FNDA:0,(anonymous_17)
FNDA:0,(anonymous_18)
FNDA:0,(anonymous_19)
FNDA:0,(anonymous_20)
FNDA:38,(anonymous_21)
FNDA:0,(anonymous_22)
FNDA:19,(anonymous_23)
FNDA:1,(anonymous_24)
FNDA:3,(anonymous_25)
FNDA:4,(anonymous_26)
FNDA:3,(anonymous_27)
FNDA:2,(anonymous_28)
FNDA:2,(anonymous_29)
FNDA:1,(anonymous_30)
FNDA:1,(anonymous_31)
FNDA:3,(anonymous_32)
FNDA:3,(anonymous_33)
FNDA:2,(anonymous_34)
DA:27,1
DA:28,1
DA:29,1
DA:30,1
DA:31,1
DA:32,1
DA:45,1
DA:48,15
DA:49,15
DA:50,15
DA:51,15
DA:52,15
DA:56,15
DA:57,15
DA:58,15
DA:59,15
DA:62,15
DA:63,15
DA:64,15
DA:65,15
DA:66,15
DA:67,15
DA:68,15
DA:69,15
DA:71,15
DA:75,15
DA:77,15
DA:79,15
DA:82,2
DA:87,15
DA:89,15
DA:91,19
DA:96,1
DA:97,1
DA:98,1
DA:99,1
DA:100,1
DA:106,18
DA:107,18
DA:108,36
DA:109,18
DA:110,18
DA:111,18
DA:112,18
DA:115,15
DA:119,15
DA:120,15
DA:121,15
DA:122,15
DA:128,15
DA:129,15
DA:130,15
DA:135,15
DA:136,15
DA:140,18
DA:141,18
DA:142,18
DA:144,18
DA:145,36
DA:146,36
DA:147,36
DA:148,36
DA:151,18
DA:155,38
DA:161,38
DA:162,38
DA:164,38
DA:168,38
DA:175,38
DA:177,38
DA:178,0
DA:181,38
DA:182,0
DA:183,0
DA:187,0
DA:188,0
DA:192,38
DA:196,38
DA:197,19
DA:201,0
DA:213,19
DA:214,19
DA:215,19
DA:216,19
DA:222,1
DA:230,1
DA:236,1
DA:237,1
DA:238,1
DA:242,3
DA:243,2
DA:244,4
DA:245,2
DA:249,3
DA:250,3
DA:254,2
DA:255,2
DA:256,2
DA:259,1
DA:260,1
DA:266,3
DA:267,3
DA:268,2
DA:269,3
DA:270,2
DA:271,2
DA:272,2
DA:273,2
DA:274,2
DA:275,2
DA:276,2
DA:277,2
DA:280,2
LF:113
LH:107
BRDA:82,0,0,1
BRDA:129,1,0,0
BRDA:132,2,0,15
BRDA:132,2,1,15
BRDA:133,3,0,15
BRDA:133,3,1,15
BRDA:140,4,0,0
BRDA:145,5,0,36
BRDA:145,5,1,0
BRDA:164,6,0,19
BRDA:164,6,1,19
BRDA:181,7,0,0
BRDA:196,8,0,19
BRDA:213,9,0,0
BRDA:213,10,0,19
BRDA:213,10,1,0
BRDA:238,11,0,0
BRDA:242,12,0,1
BRDA:267,13,0,1
BRDA:268,14,0,1
BRDA:268,14,1,1
BRDA:270,15,0,2
BRF:22
BRH:15
end_of_record
TN:
SF:src\app\features\plan-salle\services\plan-salle.service.ts
FN:14,(anonymous_0)
FN:18,(anonymous_1)
FN:20,(anonymous_2)
FN:28,(anonymous_3)
FN:30,(anonymous_4)
FN:31,(anonymous_5)
FNF:6
FNH:6
FNDA:6,(anonymous_0)
FNDA:3,(anonymous_1)
FNDA:2,(anonymous_2)
FNDA:3,(anonymous_3)
FNDA:2,(anonymous_4)
FNDA:1,(anonymous_5)
DA:8,1
DA:11,1
DA:12,6
DA:14,6
DA:19,3
DA:21,2
DA:22,2
DA:29,3
DA:30,2
DA:31,1
LF:10
LH:10
BRDA:22,0,0,1
BRDA:22,0,1,1
BRF:2
BRH:2
end_of_record
TN:
SF:src\app\features\profile\profile.component.ts
FN:35,(anonymous_0)
FN:48,(anonymous_1)
FN:49,(anonymous_2)
FN:59,(anonymous_3)
FN:64,(anonymous_4)
FNF:5
FNH:5
FNDA:13,(anonymous_0)
FNDA:13,(anonymous_1)
FNDA:13,(anonymous_2)
FNDA:99,(anonymous_3)
FNDA:2,(anonymous_4)
DA:31,1
DA:36,13
DA:37,13
DA:39,13
DA:40,13
DA:49,13
DA:50,13
DA:51,12
DA:60,99
DA:65,2
DA:67,1
LF:11
LH:11
BRDA:50,0,0,12
BRDA:60,1,0,96
BRDA:60,1,1,3
BRDA:65,2,0,1
BRF:4
BRH:4
end_of_record
TN:
SF:src\app\features\setup\setup.component.ts
FN:8,passwordMatchValidator
FN:43,(anonymous_1)
FN:59,(anonymous_2)
FN:61,(anonymous_3)
FN:66,(anonymous_4)
FN:72,(anonymous_5)
FN:83,(anonymous_6)
FN:93,(anonymous_7)
FNF:8
FNH:7
FNDA:52,passwordMatchValidator
FNDA:6,(anonymous_1)
FNDA:6,(anonymous_2)
FNDA:6,(anonymous_3)
FNDA:0,(anonymous_4)
FNDA:2,(anonymous_5)
FNDA:1,(anonymous_6)
FNDA:1,(anonymous_7)
DA:9,52
DA:10,52
DA:12,52
DA:13,1
DA:15,51
DA:38,1
DA:40,6
DA:41,6
DA:44,6
DA:45,6
DA:46,6
DA:47,6
DA:49,6
DA:60,6
DA:62,6
DA:63,0
DA:73,2
DA:75,2
DA:76,0
DA:79,2
DA:80,2
DA:82,2
DA:84,1
DA:85,1
DA:90,1
DA:91,1
DA:94,1
DA:95,1
LF:28
LH:26
BRDA:12,0,0,1
BRDA:12,1,0,52
BRDA:12,1,1,52
BRDA:12,1,2,52
BRDA:62,2,0,0
BRDA:75,3,0,0
BRDA:95,4,0,1
BRDA:95,4,1,0
BRF:8
BRH:5
end_of_record
TN:
SF:src\app\features\tables\table-detail\table-detail.component.ts
FN:39,(anonymous_0)
FN:51,(anonymous_1)
FN:59,(anonymous_2)
FN:61,(anonymous_3)
FN:63,(anonymous_4)
FN:65,(anonymous_5)
FN:73,(anonymous_6)
FN:78,(anonymous_7)
FN:86,(anonymous_8)
FN:87,(anonymous_9)
FN:88,(anonymous_10)
FN:89,(anonymous_11)
FNF:12
FNH:12
FNDA:9,(anonymous_0)
FNDA:13,(anonymous_1)
FNDA:13,(anonymous_2)
FNDA:12,(anonymous_3)
FNDA:14,(anonymous_4)
FNDA:1,(anonymous_5)
FNDA:18,(anonymous_6)
FNDA:22,(anonymous_7)
FNDA:1,(anonymous_8)
FNDA:1,(anonymous_9)
FNDA:1,(anonymous_10)
FNDA:9,(anonymous_11)
DA:31,1
DA:32,9
DA:33,9
DA:34,9
DA:37,9
DA:40,9
DA:41,9
DA:42,9
DA:43,9
DA:44,9
DA:45,9
DA:47,9
DA:48,9
DA:52,13
DA:53,13
DA:54,13
DA:55,13
DA:59,13
DA:62,12
DA:63,14
DA:66,1
DA:67,1
DA:68,1
DA:74,18
DA:75,18
DA:79,22
DA:83,22
DA:86,1
DA:87,1
DA:88,1
DA:89,9
LF:31
LH:31
BRDA:53,0,0,0
BRDA:63,1,0,14
BRDA:63,1,1,13
BRDA:83,2,0,22
BRDA:83,2,1,1
BRDA:89,3,0,9
BRDA:89,3,1,0
BRF:7
BRH:5
end_of_record
TN:
SF:src\app\features\tables\table-form\table-form.component.ts
FN:28,(anonymous_0)
FN:42,(anonymous_1)
FN:48,(anonymous_2)
FN:53,(anonymous_3)
FN:61,(anonymous_4)
FN:68,(anonymous_5)
FN:73,(anonymous_6)
FN:80,(anonymous_7)
FNF:8
FNH:6
FNDA:11,(anonymous_0)
FNDA:11,(anonymous_1)
FNDA:1,(anonymous_2)
FNDA:0,(anonymous_3)
FNDA:2,(anonymous_4)
FNDA:1,(anonymous_5)
FNDA:0,(anonymous_6)
FNDA:1,(anonymous_7)
DA:23,1
DA:25,11
DA:26,11
DA:29,11
DA:30,11
DA:31,11
DA:32,11
DA:33,11
DA:35,11
DA:43,11
DA:44,11
DA:45,1
DA:46,1
DA:47,1
DA:48,1
DA:54,0
DA:55,0
DA:62,2
DA:63,1
DA:64,1
DA:67,1
DA:69,1
DA:70,1
DA:71,1
DA:74,0
DA:75,0
DA:80,1
LF:27
LH:23
BRDA:44,0,0,1
BRDA:62,1,0,1
BRDA:64,2,0,0
BRDA:64,2,1,1
BRDA:69,3,0,0
BRDA:69,3,1,1
BRF:6
BRH:4
end_of_record
TN:
SF:src\app\features\tables\table-list\table-list.component.ts
FN:37,(anonymous_0)
FN:47,(anonymous_1)
FN:49,(anonymous_2)
FN:54,(anonymous_3)
FN:59,(anonymous_4)
FN:65,(anonymous_5)
FN:66,(anonymous_6)
FN:73,(anonymous_7)
FN:74,(anonymous_8)
FN:75,(anonymous_9)
FN:76,(anonymous_10)
FN:77,(anonymous_11)
FNF:12
FNH:11
FNDA:8,(anonymous_0)
FNDA:8,(anonymous_1)
FNDA:16,(anonymous_2)
FNDA:10,(anonymous_3)
FNDA:10,(anonymous_4)
FNDA:9,(anonymous_5)
FNDA:1,(anonymous_6)
FNDA:1,(anonymous_7)
FNDA:1,(anonymous_8)
FNDA:1,(anonymous_9)
FNDA:0,(anonymous_10)
FNDA:17,(anonymous_11)
DA:30,1
DA:31,8
DA:32,8
DA:35,8
DA:38,8
DA:39,8
DA:40,8
DA:41,8
DA:43,8
DA:44,8
DA:47,8
DA:50,16
DA:51,16
DA:55,10
DA:56,10
DA:60,10
DA:61,10
DA:65,9
DA:67,1
DA:68,1
DA:73,1
DA:74,1
DA:75,1
DA:76,0
DA:77,17
LF:25
LH:24
BRDA:61,0,0,0
BRF:1
BRH:0
end_of_record
TN:
SF:src\environments\environment.ts
FNF:0
FNH:0
DA:1,1
LF:1
LH:1
BRF:0
BRH:0
end_of_record
